<?xml version="1.0" encoding="UTF-8"?>
<testsuite xmlns:xsi="http://www.w3.org/2001/XMLSchema-instance" xsi:noNamespaceSchemaLocation="https://maven.apache.org/surefire/maven-surefire-plugin/xsd/surefire-test-report-3.0.xsd" version="3.0" name="examples.ExamplesTest" time="4.811" tests="1" errors="0" skipped="0" failures="0">
  <properties>
[...]
</properties>
  <testcase name="[3:26] Reject booking creation when origin or destination is provided as full city names instead of 3‑letter airport codes" classname="examples/bookings/booking_negative" time="1.879">
    <system-out><![CDATA[12:23:30.516 [main] INFO  com.intuit.karate.Runner - using system property 'karate.options': --tags @new
12:23:30.614 [main] INFO  com.intuit.karate.Runner - using system property 'karate.env': local
12:23:31.208 [main] DEBUG com.intuit.karate.Suite - [config] classpath:karate-config.js
12:23:32.539 [main] INFO  com.intuit.karate - karate.env system property was: local 
12:23:32.979 [main] DEBUG com.intuit.karate - request:
1 > POST https://refactored-broccoli-g44rjw7g5ggpcw7wx-8900.app.github.dev/booking
1 > Content-Type: application/json; charset=UTF-8
1 > Content-Length: 74
1 > Host: refactored-broccoli-g44rjw7g5ggpcw7wx-8900.app.github.dev
1 > Connection: Keep-Alive
1 > User-Agent: Apache-HttpClient/4.5.14 (Java/21.0.6)
1 > Accept-Encoding: gzip,deflate
{"date":"2026-01-28","destination":"Krakow","origin":"Ukraine","userId":1}

12:23:33.725 [main] DEBUG com.intuit.karate - response time in milliseconds: 739
1 < 400
1 < Date: Wed, 28 Jan 2026 11:23:33 GMT
1 < Content-Type: application/json; charset=utf-8
1 < Content-Length: 233
1 < Connection: keep-alive
1 < Cache-Control: no-cache,no-store
1 < ETag: W/"e9-udqyy/B30CLkylZod5/y/UsBOk4"
1 < Expires: Thu, 01 Jan 1970 00:00:00 GMT
1 < Pragma: no-cache
1 < Set-Cookie: .Tunnels.Relay.WebForwarding.Cookies=CfDJ8NJJuTEdEi5KqensronCVW0bJWtJmrirLdM47ylNWA7dwkstCi24JE2xAZdarH4b2oFApsh1XheenKoPykbBmWcSXG72hIqy3ZFWcCrOdJGeZ69-OmTgmEwBrwJoy12LGF3IIllem_natWonwkMaFm-iZ65JXEXEQ1MG4sDMT2ZweeHvy1heafSs2AP49qpaN4CjFRmN-iUGrx6dNbFvZLTfCU31W4ANGkWq-e-eNSMcR1ekZ-Ea4gwJMmPrMxgyOAuLD7oYrWqM2gL0AMKYxW9VUYG2_HI9rMn50HCBzImCf5i-AeQw1K22LUTusRrqr-vhv5-C1aiOFhMHRj9dXKG1MLytWKq35FyESBrY3FV1FdInyxEi09ThiNuAAghfbtBe5SlHUfCgYWw7llvrU5NkjmgACV7bD_S-SCFJyISNcmv0RHNEOGzDlti7WuKgRHGVCncLj23aOogOg5kWJ2rrguA5os6U1Av0o1W4lw7bNTLF0dwCD0tjb45ZHIQBFE5QFMniiYtfIVlqMKiPNXKWbxrI3DgsdoY8HeUxSt8ZDJ1Q1G_iVfMgT5hSTcAzNeb2ipBEInD88k_hvUuM6CNMuYUN-04ibmbJHb7OhxWdobRm1O8Yqe1MQP0FeS6tknatQdIs8BfhF5snyUAAkti9ATaXugD0ZBm3elgs0L-AZHGVcK-zq97pIuJroUbMtRktuhN1O0n6bXKBsf-tjaH2A82O5W5rWCth86CfcM1oDhVRdslfZzAWcSRzF4DUMIlJVS8z6jvR2NQuJ1OWkNKI7hkKh8DjP6GuIvuBU9BnNpSJfI_b8w2mWabTs5EwnyVngseQoeDscUHoJvxqT94Pf_xuIAdnRw5q2JeQVPhd27wTK-36CAtF47RilDo1z--7_qbbF7iYnLFCEaO0-hVZQWzoZWQ3LBFc96XifFoRspTEdabv_odYlpsR80fmwrWgEnC6aplJbxXfOzIfg76wbjAS3LVcD1GaLLAprWBB; path=/; secure; samesite=none; Partitioned
1 < X-Content-Type-Options: nosniff
1 < RateLimit-Limit: HttpRequestRatePerPort:1500/m
1 < RateLimit-Remaining: HttpRequestRatePerPort:1499
1 < RateLimit-Reset: HttpRequestRatePerPort:46s
1 < X-Report-Abuse: https://msrc.microsoft.com/report/abuse
1 < x-ms-ratelimit-limit: 1500
1 < x-ms-ratelimit-remaining: 1498
1 < x-ms-ratelimit-used: 2
1 < x-ms-ratelimit-reset: 0
1 < X-Powered-By: Express
1 < X-Robots-Tag: noindex, nofollow
1 < Referrer-Policy: same-origin
1 < VsSaaS-Request-Id: 6cf3b6ba-a1a3-4f75-a64b-2595e892bccc
1 < Strict-Transport-Security: max-age=31536000; includeSubDomains
1 < X-Served-By: tunnels-prod-rel-euw-v3-cluster
{"errors":[{"location":{"in":"request","name":"body","docPath":"/paths/~1booking/post/requestBody/content/application~1json/schema","path":"/destination"},"message":"must match pattern \"^[A-Z]{3}$\""}],"message":"Validation errors"}

---------------------------------------------------------
feature: classpath:examples/bookings/booking_negative.feature
scenarios:  1 | passed:  1 | failed:  0 | time: 1,1517
---------------------------------------------------------

]]></system-out>
  </testcase>
</testsuite>