<?xml version="1.0" encoding="UTF-8"?>
<testsuite xmlns:xsi="http://www.w3.org/2001/XMLSchema-instance" xsi:noNamespaceSchemaLocation="https://maven.apache.org/surefire/maven-surefire-plugin/xsd/surefire-test-report-3.0.xsd" version="3.0" name="examples.bookings.BookingsRunner" time="9.931" tests="26" errors="0" skipped="0" failures="0">
  <properties>
[...]
</properties>
  <testcase name="[1:11] Cannot create booking for a non-existing user" classname="examples/bookings/booking_negative" time="0.934">
    <system-out><![CDATA[14:00:19.902 [main] INFO  com.intuit.karate.Runner - using system property 'karate.options': --tags @allTests
14:00:20.031 [main] INFO  com.intuit.karate.Runner - using system property 'karate.env': local
14:00:20.573 [main] DEBUG com.intuit.karate.Suite - [config] classpath:karate-config.js
14:00:21.840 [main] INFO  com.intuit.karate - karate.env system property was: local 
14:00:22.265 [main] DEBUG com.intuit.karate - request:
1 > POST https://refactored-broccoli-g44rjw7g5ggpcw7wx-8900.app.github.dev/booking
1 > Content-Type: application/json; charset=UTF-8
1 > Content-Length: 70
1 > Host: refactored-broccoli-g44rjw7g5ggpcw7wx-8900.app.github.dev
1 > Connection: Keep-Alive
1 > User-Agent: Apache-HttpClient/4.5.14 (Java/21.0.6)
1 > Accept-Encoding: gzip,deflate
{"date":"2026-01-29","destination":"POL","origin":"USA","userId":9999}

14:00:22.691 [main] DEBUG com.intuit.karate - response time in milliseconds: 414
1 < 404
1 < Date: Thu, 29 Jan 2026 13:00:23 GMT
1 < Content-Type: application/json; charset=utf-8
1 < Content-Length: 48
1 < Connection: keep-alive
1 < Cache-Control: no-cache,no-store
1 < ETag: W/"30-80wG/OdKUR8awbTOpP0872md8UU"
1 < Expires: Thu, 01 Jan 1970 00:00:00 GMT
1 < Pragma: no-cache
1 < Set-Cookie: .Tunnels.Relay.WebForwarding.Cookies=CfDJ8NJJuTEdEi5KqensronCVW1-9nqdRu0S2MLgt8kcuezsriqKxI7sH6vIPhNfDJPaoX001ciKUGHQE5yUluQlamdVVzJtzNxhOwoSVtfX5igi5cy8SxkYDk-MKdDnL61aKCtsKHp_kiapnIVd7MubpfjC7O8FuhQruhE2xhewcOXIbz6wclDx60-3mqvcTHRz2VcGbmmxWw69DU_YZFuIEBGKohs_bjwqZ5ZiHq36-h4PNhJgOPbgKmKpu1wewtP3Dp55NA9Cg3X5xg0eyuAjLh4OaLIyXumuonjrd14GM93VE2IryYUemOHXouId3kHPm_IUNTN9vx2T2ZL7HEe4ZPp8TYadTVv-2Tad7bSSaNKzbuGmNKeV6_WbBJZUKX6Ns6u3t8KhJsCV0OrIHadksrP5CU48kGrIy4i5kOyosZkgmnWYX5AAE-mRv-xcXh2dpIcm4XuzcpGhlECHkRCeQk1nYVI2ZWVUd5gdYaPmve-Sp45Ut_McMibcXPnaBMObGIdqxIEl7dlQskzK4IXX6c87uy0ZJYVCc4KXv98F7A53HEst7ixSZ_fwQ1uUjtTcMaPKdsswXl6sIolfBU5A04r_gk8n0CCdDKBQRPXj8OAHAnzgVIlmgIJ4QwONivCz94VAefnMpHll3fv6h1mYrBMlUhmlHC3rdfpqFsPbWbYDjMG8_JKk2Z4FvfCtiW50wJwIMSv6U5jjZeTpkwiZLwCfmOr3OL610VPShE4DuWxSMZxP4YQuEC3FOp6gsIOW9iOLwHK5mogbRneMjDojUqv_svh-OB_qGTuGO_QYoD_shTIvXQz8DE6zECN3Y6wTLwxtGjjP0D7Ka-TK7_X_j23sAL2SssxFU1gTkKVcsRgTSkVK48sMvEPTmL_1wKu9Oq-JoGuDTmJmlBbNOhvLciZYN8RAuIcIHpmpPwa7bwzpEhqgfW9U4lQFAEthVT5N1CDPDXX_Azta-Efbitme4zclqXo8MILGcOvM51qI2tsUY7AkF_oJ9kC5TDUOXflePw; path=/; secure; samesite=none; Partitioned
1 < X-Content-Type-Options: nosniff
1 < RateLimit-Limit: HttpRequestRatePerPort:1500/m
1 < RateLimit-Limit: ClientConnectionsPerPort: max 1000
1 < RateLimit-Remaining: HttpRequestRatePerPort:1496
1 < RateLimit-Remaining: ClientConnectionsPerPort:990
1 < RateLimit-Reset: HttpRequestRatePerPort:6s
1 < X-Report-Abuse: https://msrc.microsoft.com/report/abuse
1 < x-ms-ratelimit-limit: 1500
1 < x-ms-ratelimit-remaining: 1488
1 < x-ms-ratelimit-used: 12
1 < x-ms-ratelimit-reset: 0
1 < X-Powered-By: Express
1 < X-Robots-Tag: noindex, nofollow
1 < Referrer-Policy: same-origin
1 < VsSaaS-Request-Id: fadc97c8-45df-4abf-b386-42a5c4a7c85f
1 < Strict-Transport-Security: max-age=31536000; includeSubDomains
1 < X-Served-By: tunnels-prod-rel-euw-v3-cluster
{"errors":null,"message":"No user with id 9999"}

]]></system-out>
  </testcase>
  <testcase name="[2:20] Cannot create booking with wrong data formatting" classname="examples/bookings/booking_negative" time="0.181">
    <system-out><![CDATA[14:00:22.714 [main] INFO  com.intuit.karate - karate.env system property was: local 
14:00:22.724 [main] DEBUG com.intuit.karate - request:
1 > POST https://refactored-broccoli-g44rjw7g5ggpcw7wx-8900.app.github.dev/booking
1 > Content-Type: application/json; charset=UTF-8
1 > Content-Length: 67
1 > Host: refactored-broccoli-g44rjw7g5ggpcw7wx-8900.app.github.dev
1 > Connection: Keep-Alive
1 > User-Agent: Apache-HttpClient/4.5.14 (Java/21.0.6)
1 > Accept-Encoding: gzip,deflate
{"date":"02.02.2026","destination":"POL","origin":"USA","userId":1}

14:00:22.886 [main] DEBUG com.intuit.karate - response time in milliseconds: 160
1 < 400
1 < Date: Thu, 29 Jan 2026 13:00:23 GMT
1 < Content-Type: application/json; charset=utf-8
1 < Content-Length: 219
1 < Connection: keep-alive
1 < Cache-Control: no-cache,no-store
1 < ETag: W/"db-VVy2zHmDTwFS0Lx4GtJxeG0Wn7Q"
1 < Expires: Thu, 01 Jan 1970 00:00:00 GMT
1 < Pragma: no-cache
1 < Set-Cookie: .Tunnels.Relay.WebForwarding.Cookies=CfDJ8NJJuTEdEi5KqensronCVW281qwHSCNZz50McaShD6BMPZtDuuXueTFYo_b7e2GLvZJb90TdrH8zYXx_PE7h7iCRML1hTfhVk3D3LQOhrKWRGWhK6ft9eDY2Ezs_s4KvC55SkX8HdgVnDIrbnsEEX7cQrtrLk3Qm4raQRGDjiPkF2zM2JwHK9HNLAYyc-BLiOG7YgHXOs0XYENFvdkP2-6WgzacNu3fEWz9zlhjhJ6f6DblUm0nzdhryLnX88mtkI4Cd7GAl9GckbEALchEycb1UTIFS3Zg06jwFwbCX5_h3hIeR7nbXNXTQkQwIrjx4stkjLMhgIxUvx4-JX0aQ4dFvwA8G9VWX1XcqzSSGKNx8eV2Z4Od380oc7NiVntfmly1PYXEH_BzgTriXPBtp2aU2dpbX-jnIUBODrtFUTBiHxbrB1jRPNK1UxODro9z-2sNuKsMlUnKiLnH3a-xNO-ikRsyMDWvc5Z2D1SLgu1JC7Pa7jGdPw42HGjgbQbMi3PhWjdJqzFgGVI0zJ7rkeOC6p5FDfQ4FCAHxczTk00SwbFCYac49ji0NgMFGW9fcYb924p8oqVQHkGLHPOhoVfpdHjmP0Btx15CbBK3aSQ-hOba4fAZd-H6t2XNx1SFg8yy10pYvI_-vL8uYNKicvZWQ2BN0urbxksf0IqENT7_zNr2-DjZKZU9PQnDLqh9_XCiDWMg-kb9X-Fi8Poj89FYbP5NCj2k6zcXZFHv7fZ6NZBsiuCQfQj_ahFZAKuyPJ8MwWLniwwxqBfNRrG8jXuHRYIvQU0WnsH67qHVGoBux0CINul6z6GgsLdrs44JQ8zAAMUGxD8waQTeqxTtPwcopeaTzM2GHZ_xcv-jnl_x7PrDNiX7Tu6_CpD8uyfR2K1B_8vy2zCFQGM-t09X3QS995IW1Q5_sA9jYNbWI5xXEi5MopbquFhubryV68Xs_8nx0UfVnCvwa53xPd1sAW1bJL3Hguob31oOCMbtEqoigSv6wxWDsxlY2Q70Bmaa-fg; path=/; secure; samesite=none; Partitioned
1 < X-Content-Type-Options: nosniff
1 < RateLimit-Limit: HttpRequestRatePerPort:1500/m
1 < RateLimit-Limit: ClientConnectionsPerPort: max 1000
1 < RateLimit-Remaining: HttpRequestRatePerPort:1499
1 < RateLimit-Remaining: ClientConnectionsPerPort:994
1 < RateLimit-Reset: HttpRequestRatePerPort:54s
1 < X-Report-Abuse: https://msrc.microsoft.com/report/abuse
1 < x-ms-ratelimit-limit: 1500
1 < x-ms-ratelimit-remaining: 1488
1 < x-ms-ratelimit-used: 12
1 < x-ms-ratelimit-reset: 0
1 < X-Powered-By: Express
1 < X-Robots-Tag: noindex, nofollow
1 < Referrer-Policy: same-origin
1 < VsSaaS-Request-Id: 454a459c-bb03-4ab2-9aec-71822334dcdf
1 < Strict-Transport-Security: max-age=31536000; includeSubDomains
1 < X-Served-By: tunnels-prod-rel-euw-v3-cluster
{"errors":[{"location":{"in":"request","name":"body","docPath":"/paths/~1booking/post/requestBody/content/application~1json/schema","path":"/date"},"message":"must match format \"date\""}],"message":"Validation errors"}

]]></system-out>
  </testcase>
  <testcase name="[3:28] Reject booking creation when origin or destination is provided as full city names instead of 3‑letter airport codes" classname="examples/bookings/booking_negative" time="0.185">
    <system-out><![CDATA[14:00:22.896 [main] INFO  com.intuit.karate - karate.env system property was: local 
14:00:22.907 [main] DEBUG com.intuit.karate - request:
1 > POST https://refactored-broccoli-g44rjw7g5ggpcw7wx-8900.app.github.dev/booking
1 > Content-Type: application/json; charset=UTF-8
1 > Content-Length: 76
1 > Host: refactored-broccoli-g44rjw7g5ggpcw7wx-8900.app.github.dev
1 > Connection: Keep-Alive
1 > User-Agent: Apache-HttpClient/4.5.14 (Java/21.0.6)
1 > Accept-Encoding: gzip,deflate
{"date":"2026-01-29","destination":"Krakow","origin":"Ukraine","userId":"1"}

14:00:23.074 [main] DEBUG com.intuit.karate - response time in milliseconds: 166
1 < 400
1 < Date: Thu, 29 Jan 2026 13:00:23 GMT
1 < Content-Type: application/json; charset=utf-8
1 < Content-Length: 233
1 < Connection: keep-alive
1 < Cache-Control: no-cache,no-store
1 < ETag: W/"e9-udqyy/B30CLkylZod5/y/UsBOk4"
1 < Expires: Thu, 01 Jan 1970 00:00:00 GMT
1 < Pragma: no-cache
1 < Set-Cookie: .Tunnels.Relay.WebForwarding.Cookies=CfDJ8NJJuTEdEi5KqensronCVW3A_igVK3N853JKZT0sJi3WBAuR-ajMXbFy6mbqIetNJgItcGQWVUtCoIYd6dS321uw3c96QmvqOJ77sDFLKfPfMK4yo1Eq2YiwOKEKc8LoSA81TgFRCUXSuZo7zZyb5OZJlC3gaHp2SCRzYJTpyZymejTViiTSj22sqrqBxHUVSzuE1FoofzhPDv-IfYR9doz1tk32gmWNzEwI0CkpuKS9dX5-JODF8Cq9xdLsZ4oifnQ9Qw34PJdkW21AbKvLcW4GiWA4HuMgiZrKBUwJuuGDDHT7Ien4B2DxBvZ5b10rQowKmtma7L2ANCJt3y148IuSah-xJbh_VGpvUsPfbPb0O0stHg4oZRheYt-hq-XfMGN7qW7IUa-Vvy5r6_apf33J4svo7IEDJGy2ULzjLiZuMaG62zP6F1-5yi1tJHcma2Ol8w1xG0xJ1oaHQttzqv190n3PP4G3kNw-art8jTCaqGzSy5WhPvZq5z-3EMRlBVT8sJ_NWSwZXlLCMbMoKDgm8hbirgaUTDyHxXDWdxjObYzUlOWAQoxw1X0DA3HU43IJsBKPlUkhMgqJzulwCnICi4Cb2yAL_3a4B8AWzM6V5EZSd4e4YV1EoL74SCXpsXtyP9CVFD7rlvfYL8brBZAujs1nc3_hfSJx3Ek8ZVbxcpBDMqC9Ht_yXALS-eIG5tDh8FGSHyU6tHk-0SCaoaDupy8nOthl87gyUCuBJFQgcV86Ykj0KvFuyeDUjrKH6tN8uOh3X9G-m3_SoF5tYa2tTdwOScKkWdoDhdfEVsvZPrMOer13AKL3aviBYW6eYz2-0OBsuKW04ywnhQkw-DD0gOSCmZYatHDdX9iqiiBGBbwd96tsThGPn_cTiU2zYvqFF294xayuQu1jJAj5onNCRbknQMykZbu6KLcbOoOFLP12_y3w1lYfNdBiVFZSD721vp6nXtFXn5tfJz0V0nxTFsm3kQ6tsQNrAuxEX4QK9EmE7fGzeULz2vMrideR_w; path=/; secure; samesite=none; Partitioned
1 < X-Content-Type-Options: nosniff
1 < RateLimit-Limit: HttpRequestRatePerPort:1500/m
1 < RateLimit-Limit: ClientConnectionsPerPort: max 1000
1 < RateLimit-Remaining: HttpRequestRatePerPort:1499
1 < RateLimit-Remaining: ClientConnectionsPerPort:999
1 < RateLimit-Reset: HttpRequestRatePerPort:59s
1 < X-Report-Abuse: https://msrc.microsoft.com/report/abuse
1 < x-ms-ratelimit-limit: 1500
1 < x-ms-ratelimit-remaining: 1488
1 < x-ms-ratelimit-used: 12
1 < x-ms-ratelimit-reset: 0
1 < X-Powered-By: Express
1 < X-Robots-Tag: noindex, nofollow
1 < Referrer-Policy: same-origin
1 < VsSaaS-Request-Id: 4b3a7c3a-0ef2-41fd-9ddb-90a3d2928082
1 < Strict-Transport-Security: max-age=31536000; includeSubDomains
1 < X-Served-By: tunnels-prod-rel-euw-v3-cluster
{"errors":[{"location":{"in":"request","name":"body","docPath":"/paths/~1booking/post/requestBody/content/application~1json/schema","path":"/destination"},"message":"must match pattern \"^[A-Z]{3}$\""}],"message":"Validation errors"}

]]></system-out>
  </testcase>
  <testcase name="[4:36] Reject booking creation when origin or destination is provided in lower case" classname="examples/bookings/booking_negative" time="0.166">
    <system-out><![CDATA[14:00:23.083 [main] INFO  com.intuit.karate - karate.env system property was: local 
14:00:23.095 [main] DEBUG com.intuit.karate - request:
1 > POST https://refactored-broccoli-g44rjw7g5ggpcw7wx-8900.app.github.dev/booking
1 > Content-Type: application/json; charset=UTF-8
1 > Content-Length: 67
1 > Host: refactored-broccoli-g44rjw7g5ggpcw7wx-8900.app.github.dev
1 > Connection: Keep-Alive
1 > User-Agent: Apache-HttpClient/4.5.14 (Java/21.0.6)
1 > Accept-Encoding: gzip,deflate
{"date":"2026-01-29","destination":"krk","origin":"usa","userId":1}

14:00:23.241 [main] DEBUG com.intuit.karate - response time in milliseconds: 145
1 < 400
1 < Date: Thu, 29 Jan 2026 13:00:23 GMT
1 < Content-Type: application/json; charset=utf-8
1 < Content-Length: 233
1 < Connection: keep-alive
1 < Cache-Control: no-cache,no-store
1 < ETag: W/"e9-udqyy/B30CLkylZod5/y/UsBOk4"
1 < Expires: Thu, 01 Jan 1970 00:00:00 GMT
1 < Pragma: no-cache
1 < Set-Cookie: .Tunnels.Relay.WebForwarding.Cookies=CfDJ8NJJuTEdEi5KqensronCVW1PuGozOOQ3KI6QKvpXzvCohK-Yw4l3iqLSyJCWYKY4bHEeSjMwLJw7tNaryAL99yaS3ggIf2O8LlnggegW5VkoVG7gQvGSAtmlhqNilRV7YJozy_jR8nm75Qmof-qc9TsTnfUoociqVj4KTCHBx8j_bYTNX2C4Jn0MYu7bym5P_ddz_RulewsAlhrgMSEa17CvEdQAr9HhOc6o2OlYVEm7RJCachFfYD0WQN-A4AClJUByUs0ovpadcei8k17gyJiIM3m5zdHEtKgOlrbCBhf6QSFbCnL__4glXsy0mPKE2qyGTyu61LGK0QbP0PTuJsnHvX0WU5yZnmvCFljNjwSDjfzACcu5gS3XSNv_M9FH4VNN6xZ7cXSAW5o9x2ss3xyxITH7EISaZbyb_H2aiEHTAu33ybM-NBurn4gspHlmKvYuJyItVSCb66uA5hVpbjSWjx8rfcrz6nhqEFB0e6LmAlQwkD725XLPEMbCquRpnYmNA8GKxTWrWXINRLRL26glujGmwIJ1OB46Q2Sp8mUqCyTfHv-sRwNXyHX6b3Eggn0iB2O7Ku9DjN87upSbIcGmTQ32Mx49kLbBV1DJiuZJxXNBc2mt7uwlKXa2JH1SsHJuY3ij46_ACGE3Tq80ofqE-QyPQ19_8NvxVQ8zR4PGYgoDy5JpAQntmAaKayoZcUELPyxMONdxZJxfn9VfWNXL01XN6bLZDuWrtjOwYlxlaAUqF9k3Kf77s2urE7j52UJ8pU60KcvLJ4pomaZN4yHbXL18gBqTdjDMn5hp9Bzq9AdamW3393c8xiGlyFb7k2F_G6ZOJpiuEhDeBq_kbuAKUS5IuHfaDr6L9W8H2SDJtKwvO091M3PU6owBEC0tMvHNyzuuln5IKXoSmEfCURgyKQXqO3yFtoHzw-hL_RuJHdgxpu01-JWPAe7LdIi9AgZySQm6ewWXZgfha5O1rNMuDZ_joJzQgkDDoJxJYGeIJX3lOC1ITnH1vb7ci3G4UQ; path=/; secure; samesite=none; Partitioned
1 < X-Content-Type-Options: nosniff
1 < RateLimit-Limit: HttpRequestRatePerPort:1500/m
1 < RateLimit-Limit: ClientConnectionsPerPort: max 1000
1 < RateLimit-Remaining: HttpRequestRatePerPort:1499
1 < RateLimit-Remaining: ClientConnectionsPerPort:998
1 < RateLimit-Reset: HttpRequestRatePerPort:58s
1 < X-Report-Abuse: https://msrc.microsoft.com/report/abuse
1 < x-ms-ratelimit-limit: 1500
1 < x-ms-ratelimit-remaining: 1488
1 < x-ms-ratelimit-used: 12
1 < x-ms-ratelimit-reset: 0
1 < X-Powered-By: Express
1 < X-Robots-Tag: noindex, nofollow
1 < Referrer-Policy: same-origin
1 < VsSaaS-Request-Id: dc679543-4b36-497a-b929-523ec91e1336
1 < Strict-Transport-Security: max-age=31536000; includeSubDomains
1 < X-Served-By: tunnels-prod-rel-euw-v3-cluster
{"errors":[{"location":{"in":"request","name":"body","docPath":"/paths/~1booking/post/requestBody/content/application~1json/schema","path":"/destination"},"message":"must match pattern \"^[A-Z]{3}$\""}],"message":"Validation errors"}

]]></system-out>
  </testcase>
  <testcase name="[5:44] Reject booking creation when origin or destination length is less than 3 characters" classname="examples/bookings/booking_negative" time="0.168">
    <system-out><![CDATA[14:00:23.252 [main] INFO  com.intuit.karate - karate.env system property was: local 
14:00:23.264 [main] DEBUG com.intuit.karate - request:
1 > POST https://refactored-broccoli-g44rjw7g5ggpcw7wx-8900.app.github.dev/booking
1 > Content-Type: application/json; charset=UTF-8
1 > Content-Length: 67
1 > Host: refactored-broccoli-g44rjw7g5ggpcw7wx-8900.app.github.dev
1 > Connection: Keep-Alive
1 > User-Agent: Apache-HttpClient/4.5.14 (Java/21.0.6)
1 > Accept-Encoding: gzip,deflate
{"date":"2026-01-29","destination":"KR","origin":"PR","userId":"1"}

14:00:23.412 [main] DEBUG com.intuit.karate - response time in milliseconds: 148
1 < 400
1 < Date: Thu, 29 Jan 2026 13:00:23 GMT
1 < Content-Type: application/json; charset=utf-8
1 < Content-Length: 233
1 < Connection: keep-alive
1 < Cache-Control: no-cache,no-store
1 < ETag: W/"e9-udqyy/B30CLkylZod5/y/UsBOk4"
1 < Expires: Thu, 01 Jan 1970 00:00:00 GMT
1 < Pragma: no-cache
1 < Set-Cookie: .Tunnels.Relay.WebForwarding.Cookies=CfDJ8NJJuTEdEi5KqensronCVW021jBRTiJ0y7-9GETLhPIvlSPsc-YWAR-QHxYRV-ayMb-xCNM1uHVIX4sALTHftKGVCVFuFo2O6Emv_difNptnHRqli45lzWT-vlh3nD2KqD-r1xJtejvnX-W9NFxEootidT0lc_6i2bXmxqFAV_OHbl0F9rD_Awu7qqtJx991PvVqeCZIKHRnGkL1u9uNw0hn8DTi1EW7N90P60EF7CIksMSl_Lnlr99EUn3iqIzkTD_cNeF5INLdznQjaIn0ex2YReg151IIgtRrvZiiVw4iG2TQ0ekY3T5bIhvMfrBPxg8_Yg2yiTQ3d9UY9tp2kXgtuuA0-HIK3RT7moP05idaX5Tg-53cZlIJsvrysF2DgodYEy-b78pTTFBOsQ3a_75K_RFlerrLXozVFjG3gLpwDRyfrQQhI8XgQ9ROUKNl-L4Ytp3Z83fYWSuvdnJXJywarEUDpSVUzqCi4bZeSVvL5PUT45JcTqT6VY80EL5UbtYWCHsh3wsV-8YG3t0zEF4ZTIAnrI3WcwokHj9exvj_0iuav1FXUtRtXmF_sLEzUFKPJPHiVSRzTxOBaXSZcNkd8qCDk7A0RznuLtT5oqW9MN4rGzTlYycmf6_zAqXVHVlUajDBzLpbTwpD5KSeUvrH6uiRqmfUaAzzPe244Hlq2I4vxS4ruLNZ0xs6rF3N3vA-D904TLVVZb3HZWxhsCBosC1uddTdyWAFqM8JhKzX5HS2fF2Treetqxfzf3FMwb-FWNxd8K8FNzcLqZkecIK_QR9Om2pTTzv3SqyF3gesFLzn9xqdQE80uATmzYHyP7yigSCMN7lNOU8EdsJc_jVnsPaVSTcpkHO8RAtB0dgo1hVtVq__Oj9SDTktypTGcIf6XUAh3ClJQssgM4TjTBPOFzIDfk8Br28Ed3mtZOToWypjHwBqZSKlqONbCgXgUATwIOUNlu2wp9LAV2p-QXw3YtUyuEk-_uWEQDUDvpCQFhEaFN-KqN-m2MRizGRmmA; path=/; secure; samesite=none; Partitioned
1 < X-Content-Type-Options: nosniff
1 < RateLimit-Limit: HttpRequestRatePerPort:1500/m
1 < RateLimit-Limit: ClientConnectionsPerPort: max 1000
1 < RateLimit-Remaining: HttpRequestRatePerPort:1499
1 < RateLimit-Remaining: ClientConnectionsPerPort:998
1 < RateLimit-Reset: HttpRequestRatePerPort:36s
1 < X-Report-Abuse: https://msrc.microsoft.com/report/abuse
1 < x-ms-ratelimit-limit: 1500
1 < x-ms-ratelimit-remaining: 1488
1 < x-ms-ratelimit-used: 12
1 < x-ms-ratelimit-reset: 0
1 < X-Powered-By: Express
1 < X-Robots-Tag: noindex, nofollow
1 < Referrer-Policy: same-origin
1 < VsSaaS-Request-Id: 9db5a372-e180-4c7b-b8f0-1ec494ec1de7
1 < Strict-Transport-Security: max-age=31536000; includeSubDomains
1 < X-Served-By: tunnels-prod-rel-euw-v3-cluster
{"errors":[{"location":{"in":"request","name":"body","docPath":"/paths/~1booking/post/requestBody/content/application~1json/schema","path":"/destination"},"message":"must match pattern \"^[A-Z]{3}$\""}],"message":"Validation errors"}

]]></system-out>
  </testcase>
  <testcase name="[6:52] Reject booking creation when userId is string" classname="examples/bookings/booking_negative" time="0.155">
    <system-out><![CDATA[14:00:23.423 [main] INFO  com.intuit.karate - karate.env system property was: local 
14:00:23.433 [main] DEBUG com.intuit.karate - request:
1 > POST https://refactored-broccoli-g44rjw7g5ggpcw7wx-8900.app.github.dev/booking
1 > Content-Type: application/json; charset=UTF-8
1 > Content-Length: 71
1 > Host: refactored-broccoli-g44rjw7g5ggpcw7wx-8900.app.github.dev
1 > Connection: Keep-Alive
1 > User-Agent: Apache-HttpClient/4.5.14 (Java/21.0.6)
1 > Accept-Encoding: gzip,deflate
{"date":"2026-01-29","destination":"KRA","origin":"USA","userId":"one"}

14:00:23.566 [main] DEBUG com.intuit.karate - response time in milliseconds: 131
1 < 400
1 < Date: Thu, 29 Jan 2026 13:00:23 GMT
1 < Content-Type: application/json; charset=utf-8
1 < Content-Length: 209
1 < Connection: keep-alive
1 < Cache-Control: no-cache,no-store
1 < ETag: W/"d1-yK53nN/b8WpzCLcCAmyA5RxBdIg"
1 < Expires: Thu, 01 Jan 1970 00:00:00 GMT
1 < Pragma: no-cache
1 < Set-Cookie: .Tunnels.Relay.WebForwarding.Cookies=CfDJ8NJJuTEdEi5KqensronCVW1dq3NjugEPs_ZP7JI8AaZQSQmuiCG9gv7QMi1HQHP_c0x49udomixdevftTyYXAU26hhKR3lSjfB6DnK3-x7X7lf9XEolpgoSpMkMF3yiahYJtTq8sl79U99MXDLa0OKW2jqURUVFsbcl2e6DJly19CKdbVQIsPsaSwDWikteptLpIQITBSKhzl87CEdmfB7SECMy5i-UXAR5ZJgawANoxt3xjWqb6zq0u63U-hmzkT0egbCdM5qQNzQTMPWl3E8cQG4crIVPl65suyRetNnWVJXHPbhwKUOfTwN_LoP5j5ysBUm7ExIQY5aeS71WqGl-YgPGV61Nu3mALZDPPWLyMuWxop1k5HKxtGAEb4LaGVc0xGfXQGr4Kv1kQmUzovEshUz3heqvxcDTMdx-Q587b7BhbdAiKWTMMzfTU2w_6ukOWMDdKS0z802_Z7xFbbsT3dus0oGMoGacMxoN54NqxC5p0qb6Vi3hNoXOifPmrpiC1lbVrlQk4jgZ9UzhkGqRR4RmT1xaOKQ1uAMFy1NKsUr2_q2cUoifWZLCw9Ypg2QIht-ZJPYqRH_aQ5E5P9mAPGSvxas07zw4sgVBvOkHpJ8hY5O8wP-yNsmr6d5IuxhRh6bp07f7LkvmCApsl-qUOf8vBgSAI8bNKTcl4ewitgEmctQ-Pq6MrxNlJmp7wrX1hZvsSgofOS82mEJWFjghuHKYEvgY-ZexiES_jcbmq74z84pwDoJLKdwEKnXczYo_Y3UGDjPicZXyn9u3NZ_VozvNHNx521M5Kn19iszsSrwnsSmdYzjw33HiyrM8isnHHuz04reZbMDR4u5dR0I06pTIECQauPUdWAKaGZ3eibLvOeR2netnGvD5DXPw9VK7wL5-EhKkxwI8lyLMbmzejFE6U5HQiY6OVTr4_stuX1nhXy6IwncsgKPiFw2EGds06M-aazscL43fmM46HpqjIvbEcQNm2LkADngvIRSDAGjBGA-rhrCD2OCv50os4Mw; path=/; secure; samesite=none; Partitioned
1 < X-Content-Type-Options: nosniff
1 < RateLimit-Limit: HttpRequestRatePerPort:1500/m
1 < RateLimit-Limit: ClientConnectionsPerPort: max 1000
1 < RateLimit-Remaining: HttpRequestRatePerPort:1495
1 < RateLimit-Remaining: ClientConnectionsPerPort:999
1 < RateLimit-Reset: HttpRequestRatePerPort:7s
1 < X-Report-Abuse: https://msrc.microsoft.com/report/abuse
1 < x-ms-ratelimit-limit: 1500
1 < x-ms-ratelimit-remaining: 1488
1 < x-ms-ratelimit-used: 12
1 < x-ms-ratelimit-reset: 0
1 < X-Powered-By: Express
1 < X-Robots-Tag: noindex, nofollow
1 < Referrer-Policy: same-origin
1 < VsSaaS-Request-Id: 6251e982-8a91-43c1-9640-1eb8ce333e13
1 < Strict-Transport-Security: max-age=31536000; includeSubDomains
1 < X-Served-By: tunnels-prod-rel-euw-v3-cluster
{"errors":[{"location":{"in":"request","name":"body","docPath":"/paths/~1booking/post/requestBody/content/application~1json/schema","path":"/userId"},"message":"must be number"}],"message":"Validation errors"}

]]></system-out>
  </testcase>
  <testcase name="[7:60] Reject booking creation without origin field" classname="examples/bookings/booking_negative" time="0.158">
    <system-out><![CDATA[14:00:23.587 [main] INFO  com.intuit.karate - karate.env system property was: local 
14:00:23.599 [main] DEBUG com.intuit.karate - request:
1 > POST https://refactored-broccoli-g44rjw7g5ggpcw7wx-8900.app.github.dev/booking
1 > Content-Type: application/json; charset=UTF-8
1 > Content-Length: 52
1 > Host: refactored-broccoli-g44rjw7g5ggpcw7wx-8900.app.github.dev
1 > Connection: Keep-Alive
1 > User-Agent: Apache-HttpClient/4.5.14 (Java/21.0.6)
1 > Accept-Encoding: gzip,deflate
{"date":"2026-01-29","destination":"KRA","userId":1}

14:00:23.732 [main] DEBUG com.intuit.karate - response time in milliseconds: 133
1 < 400
1 < Date: Thu, 29 Jan 2026 13:00:24 GMT
1 < Content-Type: application/json; charset=utf-8
1 < Content-Length: 224
1 < Connection: keep-alive
1 < Cache-Control: no-cache,no-store
1 < ETag: W/"e0-Rw9X7VHTEUg8Umle9sjjBKUoXrM"
1 < Expires: Thu, 01 Jan 1970 00:00:00 GMT
1 < Pragma: no-cache
1 < Set-Cookie: .Tunnels.Relay.WebForwarding.Cookies=CfDJ8NJJuTEdEi5KqensronCVW30ywRo__YUOMKXarQRYXX8c76KJGTFXCJvbkLzChLqG_INIc4-R_4roQpZGZSeoH4b_3v6z9H7Qlc51OVJ4QKVRZMK5DYvUJA-XD2zjP5GkBidaVSJY5CzbrAWuvvo2EZ0QhfESUaAlXzz3MemPxJImOyeUMxQkEPnLnNLgBjG1TSKGYFE35e2MvcFWcCP7qOkRueYbttCH0UE4THt8Q8n5FIjcAwczQvqlx5gUtq_zxpmLDJbrZb88tHPmPEcYpNbQlBcW9MjG8f89GSGn-S0QYLSUKp_BmnzXr-wtPV-E2xenYFFULQHJhBwgPOIlcHVjkEPG0WjnRUeoggtlztdUkkLOOsDTXLSkV9P0EhrvE7PLzOd98fpcGRX92uqgb5a08eqdjJqLKBBl1K8IBMFnTIbFxBthTRCVpPH-LAcDb6HiQu_dAVAMVPg0ySvjyHwHZ03XvwurmEBGn_1wJys8P17SXdPmdyFhMlQ0Bruc76oDAyJSJIYA7ZtCDhssIpxDMrA0QVD2FmjnX9ASMb4PSxZSclHGKYWjHhcXdbAfYgJXyD7avGsJJfryzLPkdWrDiRSphlvfyZWAnvaOzb1HoxBNu11uxxWQ6TXV7HAFd2tAv3qHRiDe00f5pNvBuX-3QE2lnc-yNrFg5mTsSmFe0j6Nt6vhYatpiVoMFN-A7_0LeWaEfmFkFhpalPiMa6rcRJopPEFrGjoGpchmg5wor_Ah9tgXZRTDAEdnnHSOElt7khOyPxwFyxDrVkaCxTmbDdIwMFEZwCE1h8mX-gwFMc7C9EoWJa6hQ2eG2xCQOrQ2PVkdEp4flrJ6TPC8BMsZIRqj4T6wwVxRO2hEUNYszqop-DbNTzLeKEhLMRtQlLbtkIcGtumS4dlj2uoL3l9PXm9JZpiDGaXJ2qOJP93ztMmyetHcAwb-CP8xcWTvRg4y9h6PN24Jk1FIXfgHo5QsOBLmVsNXPTMfX_VxdEkUn3qJ3Wyi2n-CqCAhwBXqw; path=/; secure; samesite=none; Partitioned
1 < X-Content-Type-Options: nosniff
1 < RateLimit-Limit: HttpRequestRatePerPort:1500/m
1 < RateLimit-Limit: ClientConnectionsPerPort: max 1000
1 < RateLimit-Remaining: HttpRequestRatePerPort:1499
1 < RateLimit-Remaining: ClientConnectionsPerPort:998
1 < RateLimit-Reset: HttpRequestRatePerPort:60s
1 < X-Report-Abuse: https://msrc.microsoft.com/report/abuse
1 < x-ms-ratelimit-limit: 1500
1 < x-ms-ratelimit-remaining: 1489
1 < x-ms-ratelimit-used: 11
1 < x-ms-ratelimit-reset: 0
1 < X-Powered-By: Express
1 < X-Robots-Tag: noindex, nofollow
1 < Referrer-Policy: same-origin
1 < VsSaaS-Request-Id: d6ffeb11-b357-49c5-9fbd-8c820bb25166
1 < Strict-Transport-Security: max-age=31536000; includeSubDomains
1 < X-Served-By: tunnels-prod-rel-euw-v3-cluster
{"errors":[{"location":{"in":"request","name":"body","docPath":"/paths/~1booking/post/requestBody/content/application~1json/schema","path":""},"message":"must have required property 'origin'"}],"message":"Validation errors"}

]]></system-out>
  </testcase>
  <testcase name="[8:68] Reject booking creation when date field is empty" classname="examples/bookings/booking_negative" time="0.149">
    <system-out><![CDATA[14:00:23.742 [main] INFO  com.intuit.karate - karate.env system property was: local 
14:00:23.751 [main] DEBUG com.intuit.karate - request:
1 > POST https://refactored-broccoli-g44rjw7g5ggpcw7wx-8900.app.github.dev/booking
1 > Content-Type: application/json; charset=UTF-8
1 > Content-Length: 57
1 > Host: refactored-broccoli-g44rjw7g5ggpcw7wx-8900.app.github.dev
1 > Connection: Keep-Alive
1 > User-Agent: Apache-HttpClient/4.5.14 (Java/21.0.6)
1 > Accept-Encoding: gzip,deflate
{"date":"","destination":"KRA","origin":"USA","userId":1}

14:00:23.884 [main] DEBUG com.intuit.karate - response time in milliseconds: 132
1 < 400
1 < Date: Thu, 29 Jan 2026 13:00:24 GMT
1 < Content-Type: application/json; charset=utf-8
1 < Content-Length: 219
1 < Connection: keep-alive
1 < Cache-Control: no-cache,no-store
1 < ETag: W/"db-VVy2zHmDTwFS0Lx4GtJxeG0Wn7Q"
1 < Expires: Thu, 01 Jan 1970 00:00:00 GMT
1 < Pragma: no-cache
1 < Set-Cookie: .Tunnels.Relay.WebForwarding.Cookies=CfDJ8NJJuTEdEi5KqensronCVW09lF4wOo3kl1b0fkENvrlSTVn9i8X3L2ycvnMBDvb9TwypWbhA0KmMX08YkFxGQ3Q-w-iKvLPlgRnQvM7TBxK9QjsQ2jzskth2pEtZZ0Kcbs8D542f3fPG-O_dlFs4D-K9pi_vo2UDdDBwRjfJduqetuC8QlF7QiixSG65IokSRZq-FybieAawmfO96SCLhYQCcZ_hgyN4JDDa4H5xL2yjQ5ynaUqBIjRm48cjwWgSuRjQcHVhpEoGw1XxvRCGqx43l3NrN-f1ez37Wz8QToNRWlN3teZtVg04byUxsrkE-MetvgvsvTyVFpicOiE1v8oks_Ej3Wza7eHS6GQ3ggtSh7blzp1cete4zRgL4ONi15O5iWyzbCJ4-zx44UQeWvxFqFRBbmzpX6LdcV3rOam4JNKLmp0bGNDTkE01I3QWzEMSEGJKxrh3A_wcY1EciUcsHyW-QfkngDJve_FmjqbdafBjYuQDWx9sB4zIjSgq0xnhTczMFX1M86cz0ppnWz-QTp-YRyo7HA3LXbgha5wwrSCiSDKv6oT6v5_VoQZq1XAbRLnRncj4hGqiYNO8qUGI5N6vKGkCikLWf0Yj97MYsaIQWhxzSDy15m_bq9VukDsVY_9cjgyFurJjQXCt2kYgDSBxx7OZoVKyvC0AkSqiwaMGRuPlSKWRrP3XtFRrv1FrsYjJXE5gQJ5aTcAfOWpnlavN-yB5lhdKsCj6CGLJL2U4sgeh2rH6HAPFFNVyjH3zi6QH5dWKPOf_l1Nw_gyY99lQJ7SNwsr8NV-u_5hTizqAUrmTCVFMcFIoIucMqluMYdBmxQbw1N-vxPWc65AKO8XPEaE3tV0biaBWBXMw28MaKYvnsA4eQ_Cr_o6JMbqfr5gKjvV7S7kLSIOya9Xo60e08lDb8ufUt2E6ZBI-iJxTGPScsh7sbUzukw7bD4YyXyOGthdmsgpEme5GM-UjV77JVq5vMrdusGWylamYL1qJFkMsjE4F6zckr0FdOQ; path=/; secure; samesite=none; Partitioned
1 < X-Content-Type-Options: nosniff
1 < RateLimit-Limit: HttpRequestRatePerPort:1500/m
1 < RateLimit-Limit: ClientConnectionsPerPort: max 1000
1 < RateLimit-Remaining: HttpRequestRatePerPort:1499
1 < RateLimit-Remaining: ClientConnectionsPerPort:997
1 < RateLimit-Reset: HttpRequestRatePerPort:56s
1 < X-Report-Abuse: https://msrc.microsoft.com/report/abuse
1 < x-ms-ratelimit-limit: 1500
1 < x-ms-ratelimit-remaining: 1489
1 < x-ms-ratelimit-used: 11
1 < x-ms-ratelimit-reset: 0
1 < X-Powered-By: Express
1 < X-Robots-Tag: noindex, nofollow
1 < Referrer-Policy: same-origin
1 < VsSaaS-Request-Id: 1b9f403a-2bdb-48f5-833e-c7b04aa9600f
1 < Strict-Transport-Security: max-age=31536000; includeSubDomains
1 < X-Served-By: tunnels-prod-rel-euw-v3-cluster
{"errors":[{"location":{"in":"request","name":"body","docPath":"/paths/~1booking/post/requestBody/content/application~1json/schema","path":"/date"},"message":"must match format \"date\""}],"message":"Validation errors"}

]]></system-out>
  </testcase>
  <testcase name="[9:76] Reject booking creation when userId is negative" classname="examples/bookings/booking_negative" time="0.197">
    <system-out><![CDATA[14:00:23.891 [main] INFO  com.intuit.karate - karate.env system property was: local 
14:00:23.900 [main] DEBUG com.intuit.karate - request:
1 > POST https://refactored-broccoli-g44rjw7g5ggpcw7wx-8900.app.github.dev/booking
1 > Content-Type: application/json; charset=UTF-8
1 > Content-Length: 68
1 > Host: refactored-broccoli-g44rjw7g5ggpcw7wx-8900.app.github.dev
1 > Connection: Keep-Alive
1 > User-Agent: Apache-HttpClient/4.5.14 (Java/21.0.6)
1 > Accept-Encoding: gzip,deflate
{"date":"2026-01-29","destination":"KRA","origin":"USA","userId":-1}

14:00:24.082 [main] DEBUG com.intuit.karate - response time in milliseconds: 180
1 < 400
1 < Date: Thu, 29 Jan 2026 13:00:24 GMT
1 < Content-Type: application/json; charset=utf-8
1 < Content-Length: 207
1 < Connection: keep-alive
1 < Cache-Control: no-cache,no-store
1 < ETag: W/"cf-07djsIlFXYUdyH3ZLFE1+EdpmVQ"
1 < Expires: Thu, 01 Jan 1970 00:00:00 GMT
1 < Pragma: no-cache
1 < Set-Cookie: .Tunnels.Relay.WebForwarding.Cookies=CfDJ8NJJuTEdEi5KqensronCVW2AYNGsftnleM_B0oIkNq1hGNVFKkxRHw-1jvQqqhshB3Xud9wCF-4g-r8cyiA6yxX1rFe1Ueo4ecNq9avEVRmDjOyMFVMbfil4jIipo5LLgKFnrW9X-HOkghhtgkhipYkcCChUZmvx7sBHla7m1DSPA4UNSaea1253rAs7GZRtniU66iwF2L27dXv31KUHvstwkHu1qFcCa2T6BnVKGWFgyibxk8AzH--nHG3B6b9p0Pel2kE1wkbYH33QTHNkYYtI1b7gscZE6H_iq3aISH1ZqW5usZ0V0PcLcOd_don7JayraKgCrlQz4siksRy0AuCkosRzx8xLyRH2_yUZdf2p-aCjdSxz23boIK2YBPHYE7tLCNXLwIyGKTrvklMubYZajpXbXwc714GpoNu9ofGhaPetwI0LFBx5c5-lM0BKbmCVspNrBeeViw4x1vnZTc7RCp7ZzN76zx0JyS4x0xkHoYHY1K3MPnGN6C2PVq29wJUGUTrGL6PeRZsk5CUn_HLGURt_VS90I36HRU26W16RwZQFXCjQVL5O91x9iJqENOmf0lKt777qsBXBCxjkod7tqQ7vscLrf4QiIoX9VGu7cZ599GI03IzlmQuZIyo2on7HBQrvPkRF6DgauBF8GexAwk7Bs3jm868hQcdiOSkQgKg8VQf9fnn-NcEKyn-QMTVaqxv__5bk3bjg4lq33y-4hKKVH3EPCIl4vXnW8ebFCs6yLS4w2Rcv-sPo0q1fiv-HBm7BEDL-bhd6t26qzW6AyHj8YvgX7yOM5ducnL_-nrgzqndMC_GjX_3EMNoDiX6Lnb1xIwu0PMm83TdpOwtpjQD9xvXSsQ4BBOt7YozN64usdCMxVlwodSvYaLoMWJ8mmBM31PXSK_b3Z_DRRKEdHMfIkR_Tsbz8_5-dz6Hm5U2qG7ijTjG3u5DBNYa98m_uEp1goRKTmMHJNnExS0dQsFAytD2H1zT4WRwOffaX2my0M4MkORPHThEhKLKtWw; path=/; secure; samesite=none; Partitioned
1 < X-Content-Type-Options: nosniff
1 < RateLimit-Limit: HttpRequestRatePerPort:1500/m
1 < RateLimit-Limit: ClientConnectionsPerPort: max 1000
1 < RateLimit-Remaining: HttpRequestRatePerPort:1499
1 < RateLimit-Remaining: ClientConnectionsPerPort:991
1 < RateLimit-Reset: HttpRequestRatePerPort:47s
1 < X-Report-Abuse: https://msrc.microsoft.com/report/abuse
1 < x-ms-ratelimit-limit: 1500
1 < x-ms-ratelimit-remaining: 1489
1 < x-ms-ratelimit-used: 11
1 < x-ms-ratelimit-reset: 0
1 < X-Powered-By: Express
1 < X-Robots-Tag: noindex, nofollow
1 < Referrer-Policy: same-origin
1 < VsSaaS-Request-Id: b4c34bca-641b-4b6e-b1e0-3614bbdb6f87
1 < Strict-Transport-Security: max-age=31536000; includeSubDomains
1 < X-Served-By: tunnels-prod-rel-euw-v3-cluster
{"errors":[{"location":{"in":"request","name":"body","docPath":"/paths/~1booking/post/requestBody/content/application~1json/schema","path":"/userId"},"message":"must be >= 1"}],"message":"Validation errors"}

]]></system-out>
  </testcase>
  <testcase name="[10:84] Cannot create booking with empty JSON object" classname="examples/bookings/booking_negative" time="0.149">
    <system-out><![CDATA[14:00:24.090 [main] INFO  com.intuit.karate - karate.env system property was: local 
14:00:24.097 [main] DEBUG com.intuit.karate - request:
1 > POST https://refactored-broccoli-g44rjw7g5ggpcw7wx-8900.app.github.dev/booking
1 > Content-Type: application/json; charset=UTF-8
1 > Content-Length: 2
1 > Host: refactored-broccoli-g44rjw7g5ggpcw7wx-8900.app.github.dev
1 > Connection: Keep-Alive
1 > User-Agent: Apache-HttpClient/4.5.14 (Java/21.0.6)
1 > Accept-Encoding: gzip,deflate
{}

14:00:24.233 [main] DEBUG com.intuit.karate - response time in milliseconds: 136
1 < 400
1 < Date: Thu, 29 Jan 2026 13:00:24 GMT
1 < Content-Type: application/json; charset=utf-8
1 < Content-Length: 222
1 < Connection: keep-alive
1 < Cache-Control: no-cache,no-store
1 < ETag: W/"de-Bx8BjdbiuOpdreKV0JSU3Bk8X9k"
1 < Expires: Thu, 01 Jan 1970 00:00:00 GMT
1 < Pragma: no-cache
1 < Set-Cookie: .Tunnels.Relay.WebForwarding.Cookies=CfDJ8NJJuTEdEi5KqensronCVW0jqGYSXDoiP60kQ5F6kxE3yxNEhPssy8lzvNVJiQs7XYH89WNemMUi0nh6r8A0LgSAIa4q5f0fgGzjpQvkFjm_49ji0_ik3NhQNSHtjQ1KQZ679kBAypyDC1JMTflIc-dW60uX09Us6-02-vTI5KmWRayRjckjhV7bGD3LT138Dw5ntYBeC_k4HsodeNW1iFEDXFJCJOyAg9qBaMHAaS0Y9vO9dVXwrVgM6afcyBy_sa9uPqSBtWC8lMdU__g2SO-1C-p598MzTAJDozsVF-ajO7RdFBf1D1fjMsDWVtnrcSnf1eJA1SJ9bHiYW2jgBpkAPiZSR6ghyhBswXWokO-ju9JeiLS--TBQnDG3s6LeB4EZ71C6v3wbSxx2tecZIS0IhDKHCrSMqmLjvJ6tNcOAm79YAjGfuM4OYaacthn1gZFj7i44bDX428rL5DHfdVWfQZ_t0aOxP2uvwfAvZWh6PSar0JLnZ_Lar_re-2qLlkb0YaRNPagrVJbaYYTh1lcUVDYVaGE9Ban9htRlv6Gq3RRWeJTyUNF3caBhDwtk4DkQsd-cBnzEe8axU9f8r5wBPwZMWKapwXBV3k7aQVgqhah1RkhUtMG4xa5S20HrI2CNeTlYOY7Nhzxiy8c6s0xG6vYvFpocuIM0dOPktv3BtV6NtnQ2jk3TU5XJ22PAbdabbe0XCTsvFjbR8Yo8J2Z2CcSv1VWm3KVE7C5hs_Cum6vA4oB5FfrzRFzS_jEQp3NX9PGea1lWGTulRm-AoGR_PIJw29Mlo6wVIRj0Rjnk-h4o8pQyLIJiuHC5b6ue8iK-7Ne5z0zgM9oOZuzoiZW74VJbXT35d7RdePtbOeXym7cdXRc_epBcoHNJ4FZXhY8sXGBkTo1560_PfZhCOEUKm4g39Zgy5hAWNe5SylxdTznkIW-YjRbZjja2RoFylvd431aqLnvdJ6jlmmqeVgRT6-m_cEHhpJP4CxE9tPGhFOHSvkrqCOUEZ2vXAmhBAw; path=/; secure; samesite=none; Partitioned
1 < X-Content-Type-Options: nosniff
1 < RateLimit-Limit: HttpRequestRatePerPort:1500/m
1 < RateLimit-Limit: ClientConnectionsPerPort: max 1000
1 < RateLimit-Remaining: HttpRequestRatePerPort:1499
1 < RateLimit-Remaining: ClientConnectionsPerPort:996
1 < RateLimit-Reset: HttpRequestRatePerPort:42s
1 < X-Report-Abuse: https://msrc.microsoft.com/report/abuse
1 < x-ms-ratelimit-limit: 1500
1 < x-ms-ratelimit-remaining: 1489
1 < x-ms-ratelimit-used: 11
1 < x-ms-ratelimit-reset: 0
1 < X-Powered-By: Express
1 < X-Robots-Tag: noindex, nofollow
1 < Referrer-Policy: same-origin
1 < VsSaaS-Request-Id: f4d26bf9-7459-4cd4-8233-f796e416c91b
1 < Strict-Transport-Security: max-age=31536000; includeSubDomains
1 < X-Served-By: tunnels-prod-rel-euw-v3-cluster
{"errors":[{"location":{"in":"request","name":"body","docPath":"/paths/~1booking/post/requestBody/content/application~1json/schema","path":""},"message":"must have required property 'date'"}],"message":"Validation errors"}

]]></system-out>
  </testcase>
  <testcase name="[11:92] Reject getting booking by id with non-numeric id" classname="examples/bookings/booking_negative" time="0.167">
    <system-out><![CDATA[14:00:24.242 [main] INFO  com.intuit.karate - karate.env system property was: local 
14:00:24.258 [main] DEBUG com.intuit.karate - request:
1 > GET https://refactored-broccoli-g44rjw7g5ggpcw7wx-8900.app.github.dev/booking/ABC
1 > Host: refactored-broccoli-g44rjw7g5ggpcw7wx-8900.app.github.dev
1 > Connection: Keep-Alive
1 > User-Agent: Apache-HttpClient/4.5.14 (Java/21.0.6)
1 > Accept-Encoding: gzip,deflate


14:00:24.403 [main] DEBUG com.intuit.karate - response time in milliseconds: 144
1 < 400
1 < Date: Thu, 29 Jan 2026 13:00:24 GMT
1 < Content-Type: application/json; charset=utf-8
1 < Content-Length: 178
1 < Connection: keep-alive
1 < Cache-Control: no-cache,no-store
1 < ETag: W/"b2-ZZWffUMmWZRq5SAc+/7z1/93vxc"
1 < Expires: Thu, 01 Jan 1970 00:00:00 GMT
1 < Pragma: no-cache
1 < Set-Cookie: .Tunnels.Relay.WebForwarding.Cookies=CfDJ8NJJuTEdEi5KqensronCVW0EBMxLZoprQYQtTIrOMqhCoTXWadLUDyRQ7vfr2gX0SvzhW0NBsprt-fmnfEEhC7CgekwoIjHJys_g2itJyaoxQkUJzW-3wz4PwMPpnE0qOMkwMxoYnOajU8czNmnVmDMtyJeuNh6pOSAofF1hcs088TxaIMW2FSj7jqWQpMV1aR8L4_PkOYOQncTqJuclPg8yKDkvneJN_SaNv0JO1Y1dbiWnVlcTqrwXyaRV4zlE94ayDxg-YA0G-Y9Ns04RlB3LDT57Q402zOb0C9JAxO5YeojshmxqPUEhYE1ZYXs0egIEMa00RVrNZAE4pLHr0ljlSSLkaCZWHt8f_dGp3UUQPJz5gTlhaCZ3QjNSRIhCv9om7ckfRMwATVWDpZUzPkKKkczI9OQsW9GCs_2gvYBh9t-dZQZFy--_i4XOWmS-pzxlXIGqty9tyyAHN-cdDi9J_5HgaErG9ag_zeYT2nAnvn38t2TJjJrjgwzYJubicrSl9a6NEzcO_hW7nusC0YcGHpkb3eKlyT7rqX99dnWYplC8fp8NraeyBGCimO0osBg4e1iPaWDmpgPkCyChqQtheVYYuT-8YsSKkhFzgFFSfXOGVCAALT50fqbtzXoq5MJ8XccLQH5fZ5v04KsC4FwYS7rookSM_hIbPP4ItOAtUnsSTBvS2TzRo18fAYCMhNjuoaQkbren_KObTfAWTzlYwA8eJVOM3Ofh3nHd01LKO8giCnNLRDK_QeCORjRPOuucx7z0HxyWzuh4mrbmc5zQ-cwHFx5ogfFwJjKgnkyMgOsaScaTfgi-UjN-UBdZo1riz63cT4VbLKQQnWSyW56ovR-fCZkOKBojUY3A9iy7aNSAF8s7pYKGLNkQjhztGgESOraediEnfg5DI24-fBYnDdD5PvzIVYkxI1R0ik0IfSommXTih_kOKnLW7psivh-7s6KV-QvHyg3GvWbrat2zV-fvh5ZnTQvpuFVyT5SGPJTrwwbE8B6kTf0HXUTvfw; path=/; secure; samesite=none; Partitioned
1 < X-Content-Type-Options: nosniff
1 < RateLimit-Limit: HttpRequestRatePerPort:1500/m
1 < RateLimit-Limit: ClientConnectionsPerPort: max 1000
1 < RateLimit-Remaining: HttpRequestRatePerPort:1499
1 < RateLimit-Remaining: ClientConnectionsPerPort:1000
1 < RateLimit-Reset: HttpRequestRatePerPort:42s
1 < X-Report-Abuse: https://msrc.microsoft.com/report/abuse
1 < x-ms-ratelimit-limit: 1500
1 < x-ms-ratelimit-remaining: 1489
1 < x-ms-ratelimit-used: 11
1 < x-ms-ratelimit-reset: 0
1 < X-Powered-By: Express
1 < X-Robots-Tag: noindex, nofollow
1 < Referrer-Policy: same-origin
1 < VsSaaS-Request-Id: 6290874e-4f2e-4220-9193-ac1324d8ea9c
1 < Strict-Transport-Security: max-age=31536000; includeSubDomains
1 < X-Served-By: tunnels-prod-rel-euw-v3-cluster
{"errors":[{"location":{"in":"path","name":"id","docPath":"/paths/~1booking~1{id}/get/parameters/0/schema","path":""},"message":"must be integer"}],"message":"Validation errors"}

]]></system-out>
  </testcase>
  <testcase name="[12:98] Reject getting booking with wrong booking id" classname="examples/bookings/booking_negative" time="0.166">
    <system-out><![CDATA[14:00:24.410 [main] INFO  com.intuit.karate - karate.env system property was: local 
14:00:24.416 [main] DEBUG com.intuit.karate - request:
1 > GET https://refactored-broccoli-g44rjw7g5ggpcw7wx-8900.app.github.dev/booking/9999
1 > Host: refactored-broccoli-g44rjw7g5ggpcw7wx-8900.app.github.dev
1 > Connection: Keep-Alive
1 > User-Agent: Apache-HttpClient/4.5.14 (Java/21.0.6)
1 > Accept-Encoding: gzip,deflate


14:00:24.570 [main] DEBUG com.intuit.karate - response time in milliseconds: 152
1 < 404
1 < Date: Thu, 29 Jan 2026 13:00:24 GMT
1 < Content-Type: application/json; charset=utf-8
1 < Content-Length: 51
1 < Connection: keep-alive
1 < Cache-Control: no-cache,no-store
1 < ETag: W/"33-pXz60w3iGN+rOvjvbagWuKBwfTI"
1 < Expires: Thu, 01 Jan 1970 00:00:00 GMT
1 < Pragma: no-cache
1 < Set-Cookie: .Tunnels.Relay.WebForwarding.Cookies=CfDJ8NJJuTEdEi5KqensronCVW3oFFl4CEgFHyghUAXZ7NOT9PnvwRIFQApUWnw4LZ-ZUDXzTHHRtcSwuiffzmnsFuaYQUZ4cU1aI7K3X-RjS6k-BD3kNeQP3T5-ZQfABVkCr_MfHKccQ2-m_rLhJd-NkepkL1W97C1MmFvR6a0UmkxOxS2xPqnzpX9CX-N75N8gMGAMqoOAk71bZbr2LSoRWQaH-KKvKVc9qgTIGRT-8ThtQ_fNC5RqAyDvLAbWo6XdfHB2pcJ4Ca3UNvv3Hk-Jsu70-J2HEm9yN99VibVdrTdy1ZCsyGhVz2uh6nPCXYTmW8IKJzfTwk78FsEmoQ-aN1pycfJcflY2CQNnb7KobDvpPhcRmTMEQ3l3MHywJi74rxIkf8VNqInVTKwzIS324vn8RnpTIpbwaCLaqImR4k_MS7F9nRPH5hwwdO0h-LCf4nldqIUMbUcZBGwKYL_ECA96rnCvAESZjvUtdiTVhAkFNVPSu3Hi-qeCU1KGQ8bw6unoRfbFANcv7VIa0VbbrK1lCL1FvR5fiCdb07Y7ZTXWdG_lkPq39zFFaTQme1wMxh3sv0v6FWhKeXD2Vj2RBb50OC1MTTqnDtO-AzrGqyB4sOxOADPoQ1ppH3DI83lLKnvbu8IdkJstYPNx4NAcLjGhBbZBDsczQ25Q4YjKYC0K5UcWAoG0moBEHQdEZ7NhN6QVlxnvm5wZVmOK6mtxPcon0J3U87vIXh2ZRRALdGqsV11Cp4JiKh8FvPfOesb5lMzy6w9IPWUEvHf7XGfZkcAl6BV4Tfg1gf_rhVuUqVU4RoTEYdOULE1YOHVuWTsNgH4X-k6eE8kseQXyFnHghob6vSEq103JV37a01eq9L-9nmeDqR3t3tpaD-OjiIPbMzXj4mb8w5fMUFJlUy4PRR0LGGIwJkY9TVhYDUSkw0jUR6x3E1Jrta4QjmctkXmbqdt9orRR5uCwe1Qq3dkl_KbTtCvzQcZ0_XrTm3UjlYWz0Z9K7sDTT9rT06XIFVnKMA; path=/; secure; samesite=none; Partitioned
1 < X-Content-Type-Options: nosniff
1 < RateLimit-Limit: HttpRequestRatePerPort:1500/m
1 < RateLimit-Limit: ClientConnectionsPerPort: max 1000
1 < RateLimit-Remaining: HttpRequestRatePerPort:1499
1 < RateLimit-Remaining: ClientConnectionsPerPort:1000
1 < RateLimit-Reset: HttpRequestRatePerPort:48s
1 < X-Report-Abuse: https://msrc.microsoft.com/report/abuse
1 < x-ms-ratelimit-limit: 1500
1 < x-ms-ratelimit-remaining: 1488
1 < x-ms-ratelimit-used: 12
1 < x-ms-ratelimit-reset: 0
1 < X-Powered-By: Express
1 < X-Robots-Tag: noindex, nofollow
1 < Referrer-Policy: same-origin
1 < VsSaaS-Request-Id: 93e30293-bbb8-4aa6-b4c6-c17a44a0b304
1 < Strict-Transport-Security: max-age=31536000; includeSubDomains
1 < X-Served-By: tunnels-prod-rel-euw-v3-cluster
{"errors":null,"message":"No booking with id 9999"}

]]></system-out>
  </testcase>
  <testcase name="[13:105] Reject providing bookings without userId" classname="examples/bookings/booking_negative" time="0.158">
    <system-out><![CDATA[14:00:24.580 [main] INFO  com.intuit.karate - karate.env system property was: local 
14:00:24.586 [main] DEBUG com.intuit.karate - request:
1 > GET https://refactored-broccoli-g44rjw7g5ggpcw7wx-8900.app.github.dev/booking
1 > Content-Type: application/json; charset=UTF-8
1 > Content-Length: 21
1 > Host: refactored-broccoli-g44rjw7g5ggpcw7wx-8900.app.github.dev
1 > Connection: Keep-Alive
1 > User-Agent: Apache-HttpClient/4.5.14 (Java/21.0.6)
1 > Accept-Encoding: gzip,deflate
{"date":"2026-01-27"}

14:00:24.733 [main] DEBUG com.intuit.karate - response time in milliseconds: 145
1 < 400
1 < Date: Thu, 29 Jan 2026 13:00:25 GMT
1 < Content-Type: application/json; charset=utf-8
1 < Content-Length: 81
1 < Connection: keep-alive
1 < Cache-Control: no-cache,no-store
1 < ETag: W/"51-byi3V7Wu9iSI4dxWQlTdbw1O2JA"
1 < Expires: Thu, 01 Jan 1970 00:00:00 GMT
1 < Pragma: no-cache
1 < Set-Cookie: .Tunnels.Relay.WebForwarding.Cookies=CfDJ8NJJuTEdEi5KqensronCVW2gwf4gOG4VnhA1DykAbQCdiCMc1QwVZqR_qDDNrTHfgqEWTsIvzvaKD8HgnY5zFvg019rinToTwtI4zCwgtWKwr9alP-lo8v492kR6Wy4cyxYzmgkCahSGQMl5v0zQ8wfCXaqM9jRsDxTE5PBx4KtYC_BzPKd4dAQHCkiWynlmAURA6UKFrrJeu5sDYV-jytPnmfZSAmh9PaQp7i36bwMbR8P753qZTfooZnSyCOaTwor4MRHIAET5oS9llLmPpAu55y4P7hlmvSLQrxZUUDsnf5Lpk6mSI5mm49oyreVKblKZFFi-MaQ3qP57RM3jQLJQ_0mUrPsdaIlOfE35Ocy-UIj0_NQNseyXDv0yonB5sMNaiqwa648JuXcn-lp6GtUVBzF0HFnfZLm6IrnchzsEICLREl5--vzFTR8nQzeEGDBaBC8mXaceQlf8_TtKGdtFfgsislSGuAf-ZutDT4LbURZYHWGZ44DkABmSSCwumKaOALvaab_F5ulFsF2Q9XW8PrOuWMtLfNfF64qJDYAjDQqb5KjgDsONkfkI3NORd1E9EyziDEN_A3BTAIPqRy92inlcMyTFtVlwf1va__Yo3MkWydV-wDPQw0sG-kVmT6uoZOQ7Q_RN8GPoDcY-Ns80VPYv7BRJvEyenRBjUFMm4E-zTm8jxrELCb0M5DjuRqMy7xI4S8DZHA011xaD8vzmv-P1MFYkRiqnH6c3ydC-9ZEqGenqPNpkbneCrMTVBqVY0BjHPuGv_iBRop_-uTrNNGpFDj-HIMhFw0S0qxX2NpcDrbSYAP8ZvbPN1I5sTGj19TfbYzZo0xqyRMdrevDyijDS-eapqnpErY2XU2RbOwZyABOuGoPdjuh14ChXprwHE7nWvp1quaGSmCHYuq7UNvNeoJtleYomW7uXD8-OIfuj2th8JNZu6_9N_4ZwrNK10Q54EihQC_VKmHQNOgxwrCtiMabNg2vRK8atnu1JJ-RAbbiv1tqqyN3euNSddw; path=/; secure; samesite=none; Partitioned
1 < X-Content-Type-Options: nosniff
1 < RateLimit-Limit: HttpRequestRatePerPort:1500/m
1 < RateLimit-Limit: ClientConnectionsPerPort: max 1000
1 < RateLimit-Remaining: HttpRequestRatePerPort:1495
1 < RateLimit-Remaining: ClientConnectionsPerPort:999
1 < RateLimit-Reset: HttpRequestRatePerPort:4s
1 < X-Report-Abuse: https://msrc.microsoft.com/report/abuse
1 < x-ms-ratelimit-limit: 1500
1 < x-ms-ratelimit-remaining: 1489
1 < x-ms-ratelimit-used: 11
1 < x-ms-ratelimit-reset: 0
1 < X-Powered-By: Express
1 < X-Robots-Tag: noindex, nofollow
1 < Referrer-Policy: same-origin
1 < VsSaaS-Request-Id: 71db3b11-2953-4eed-ac63-0c9dcb777ff8
1 < Strict-Transport-Security: max-age=31536000; includeSubDomains
1 < X-Served-By: tunnels-prod-rel-euw-v3-cluster
{"errors":null,"message":"Invalid content-type: application/json; charset=UTF-8"}

]]></system-out>
  </testcase>
  <testcase name="[14:113] Reject providing bookings without date" classname="examples/bookings/booking_negative" time="0.125">
    <system-out><![CDATA[14:00:24.739 [main] INFO  com.intuit.karate - karate.env system property was: local 
14:00:24.745 [main] DEBUG com.intuit.karate - request:
1 > GET https://refactored-broccoli-g44rjw7g5ggpcw7wx-8900.app.github.dev/booking
1 > Content-Type: application/json; charset=UTF-8
1 > Content-Length: 12
1 > Host: refactored-broccoli-g44rjw7g5ggpcw7wx-8900.app.github.dev
1 > Connection: Keep-Alive
1 > User-Agent: Apache-HttpClient/4.5.14 (Java/21.0.6)
1 > Accept-Encoding: gzip,deflate
{"userId":1}

14:00:24.858 [main] DEBUG com.intuit.karate - response time in milliseconds: 112
1 < 400
1 < Date: Thu, 29 Jan 2026 13:00:25 GMT
1 < Content-Type: application/json; charset=utf-8
1 < Content-Length: 81
1 < Connection: keep-alive
1 < Cache-Control: no-cache,no-store
1 < ETag: W/"51-byi3V7Wu9iSI4dxWQlTdbw1O2JA"
1 < Expires: Thu, 01 Jan 1970 00:00:00 GMT
1 < Pragma: no-cache
1 < Set-Cookie: .Tunnels.Relay.WebForwarding.Cookies=CfDJ8NJJuTEdEi5KqensronCVW3M9n2-ztOdq4UuraVYrKHsACfNtPuR1RgKu_k7u4P4lxGeJNWJ_BrH9WlAHufnn0g3SCL1c_o9bR_V_6xm31qstVq4RFDQrxLQmb6qA9NqccLzXNgrR8XJ4N6CnOxDmX0ukwGRa4SHX5_D1q6vvDTLzFNDxakCbQY0GW80FZrowUwdU0sdMz4ahC15nNeOe50gERW9lZ3k7NDTFpAe14uefBy7PlEC4wo_ueLkBMlpph_InDnrlkiwbl16DmWK3-ebu10Ve5dVk9AJUXAGxAZ_FNSvy6kvk4KkmkVgQlXPT8NojVvyNM4HCYEwC8F6vnSzNsUtslRxIRurX8fM2WkmBO_2fwXLkatLXs0Nn2aJEvNm5dKii_P9SW3YQ-ja_spwzm-whc19SnArbKzVOBYhX_J18NHRH6zMipCcc9AXGlebCy_SqE-_WPshs8BhhKft6Ia1oPT_V2YHVSgqDrp5Av_jCLASpEBVLT2Pobfwssn07O3r3Gu4_qWCWH1PMpmQOODQAfuaUze2TBXwrsehjabDJkqJI-Ly7O5BeHTBXVZo4CmRpCAAjI7etNe6AM1rTYT-sF2LjltZufiMXCeq3JEBRnX03gUCR95LYqAYxnx9DCyZ77tGmfsB8BESod8thKSPww6xVyOJ_SSeD8GhgrrSp_WF01O43hRepuXzehaa76vopXUfGMvCuegDE9Pf_dTlh9PnkB4S3KFAOpmHHK0BwYeKPVUemyfDbt7J4wY9d-8vPzbieuyZX4MbiGKMl-5TiKlIELUHv8hkBMWSrnOtarsER69csFHfX7lMUarKjdahkTSn5jabgS8ydOfgw-SUzJsbeqppe5PU1N2Gy_JrzQE38SPbxfxlEfQozOfB-tYg7VaMFOZy3QsYeG_trpK7itSteqChfvlqA0FkV3-Yy32yQYgVOmevalvQ9cv3DAHVyr_ZSfoqKN4L_0ukMa4YG9XD65GlwdEhmuvtkLd0fSAPSh9trhO8hQxxCA; path=/; secure; samesite=none; Partitioned
1 < X-Content-Type-Options: nosniff
1 < RateLimit-Limit: HttpRequestRatePerPort:1500/m
1 < RateLimit-Limit: ClientConnectionsPerPort: max 1000
1 < RateLimit-Remaining: HttpRequestRatePerPort:1498
1 < RateLimit-Remaining: ClientConnectionsPerPort:999
1 < RateLimit-Reset: HttpRequestRatePerPort:52s
1 < X-Report-Abuse: https://msrc.microsoft.com/report/abuse
1 < x-ms-ratelimit-limit: 1500
1 < x-ms-ratelimit-remaining: 1489
1 < x-ms-ratelimit-used: 11
1 < x-ms-ratelimit-reset: 0
1 < X-Powered-By: Express
1 < X-Robots-Tag: noindex, nofollow
1 < Referrer-Policy: same-origin
1 < VsSaaS-Request-Id: 501df8fd-9924-4b9b-a79f-2bc988f8c265
1 < Strict-Transport-Security: max-age=31536000; includeSubDomains
1 < X-Served-By: tunnels-prod-rel-euw-v3-cluster
{"errors":null,"message":"Invalid content-type: application/json; charset=UTF-8"}

]]></system-out>
  </testcase>
  <testcase name="[15:122] Reject providing bookings with wrong data formatting" classname="examples/bookings/booking_negative" time="0.985">
    <system-out><![CDATA[14:00:24.866 [main] INFO  com.intuit.karate - karate.env system property was: local 
14:00:24.873 [main] DEBUG com.intuit.karate - request:
1 > GET https://refactored-broccoli-g44rjw7g5ggpcw7wx-8900.app.github.dev/booking
1 > Content-Type: application/json; charset=UTF-8
1 > Content-Length: 32
1 > Host: refactored-broccoli-g44rjw7g5ggpcw7wx-8900.app.github.dev
1 > Connection: Keep-Alive
1 > User-Agent: Apache-HttpClient/4.5.14 (Java/21.0.6)
1 > Accept-Encoding: gzip,deflate
{"date":"2026.01.27","userId":1}

14:00:24.990 [main] DEBUG com.intuit.karate - response time in milliseconds: 116
1 < 400
1 < Date: Thu, 29 Jan 2026 13:00:25 GMT
1 < Content-Type: application/json; charset=utf-8
1 < Content-Length: 81
1 < Connection: keep-alive
1 < Cache-Control: no-cache,no-store
1 < ETag: W/"51-byi3V7Wu9iSI4dxWQlTdbw1O2JA"
1 < Expires: Thu, 01 Jan 1970 00:00:00 GMT
1 < Pragma: no-cache
1 < Set-Cookie: .Tunnels.Relay.WebForwarding.Cookies=CfDJ8NJJuTEdEi5KqensronCVW1gw-xRmM4z96H5ZZwrHiYPtyhv4isetDr9VyQGrG8gmPfYay3z9FhpwwtBP6KTyVjGjvyo1SDNV0BK_Sr__UL4kHBpC_xyuSAh_FZuvjMPEuHOveOfC3hp-fJd0tMzxwMqioHk95hsB4iz3v3EPOU_hipTCHTBeXE5b5ywVpamG9Wqs7RuqVU7znszxKKI8FhOEdrg9iPhu2Kv_aaQOMMCpwfRysJMY8b2oE8-izIX6_ekStcNLj-1DmVCaLuo98ubKYh1l_zGrxDSvoRUg56fq_PmYYcp8WVy_yA1yH2bliCYlnF_dYwDS9KJpCalHUxq3SU9bUroZWw1oIiSLcDYUmMqMyRUwzTxP0uMTMHrXgeSvMlLcfzCcCzzZGRigWATM6gmE-gGe6hfqiq-hXk8t4IYFk1LmMIAeaj2b4MNPIYkSZRjbDyqkeS6LFlt9gNdhwsmfXT8tI371ItfMd5uFkA4rqZBkbMF_dKRA09F8ggtcG8kMeSrUxgRsDQkt-Uz6-yi3HtdN2k-oE-f10CsqvVEAa5R15yIfhL09v6bbj_P6bWtCg0G3396a-gOkkh9ztrJ72aC1xU_98KGPixoL4Oqp54FPjHf_Q2c5vhV-bF73dXhjb4Ji4cZSrcLIq-hNuBG9SVffIKApIVYyKlsXuQK1HmnDvtcoatgVxXfqq-2VYThohitNvPHMhonPB6B-gnoGTulkX7ApYJoNSCO22wcE53uK4S7GW8Tw3we4ovy6ITrW_gMEaBVi6jH6xQ83v_vyKPgsKWaJvjPv_2FbXYVV4thsQng2qGlYFXAM2PTvgjoRffp6EZ_0mafxFCwgOcZnE2mSksbl28L_FOlgFUH8p_HbspOmT0RgIrKmhr8TxtAV-7NRypoBFbNokdK89WtlKPCizncZf9Ktm-kjwqjBaiibvdh18DqGVQL8UzpM46aWxacB5edbv51FG5-ljAB1ujmENxA3FvbtebskjQUHeMX7y1dI1i-96Ta1w; path=/; secure; samesite=none; Partitioned
1 < X-Content-Type-Options: nosniff
1 < RateLimit-Limit: HttpRequestRatePerPort:1500/m
1 < RateLimit-Limit: ClientConnectionsPerPort: max 1000
1 < RateLimit-Remaining: HttpRequestRatePerPort:1498
1 < RateLimit-Remaining: ClientConnectionsPerPort:999
1 < RateLimit-Reset: HttpRequestRatePerPort:57s
1 < X-Report-Abuse: https://msrc.microsoft.com/report/abuse
1 < x-ms-ratelimit-limit: 1500
1 < x-ms-ratelimit-remaining: 1489
1 < x-ms-ratelimit-used: 11
1 < x-ms-ratelimit-reset: 0
1 < X-Powered-By: Express
1 < X-Robots-Tag: noindex, nofollow
1 < Referrer-Policy: same-origin
1 < VsSaaS-Request-Id: aaf9247d-9a4a-4ddf-851b-8599c0310b02
1 < Strict-Transport-Security: max-age=31536000; includeSubDomains
1 < X-Served-By: tunnels-prod-rel-euw-v3-cluster
{"errors":null,"message":"Invalid content-type: application/json; charset=UTF-8"}

---------------------------------------------------------
feature: classpath:examples/bookings/booking_negative.feature
scenarios: 15 | passed: 15 | failed:  0 | time: 2,9611
---------------------------------------------------------

]]></system-out>
  </testcase>
  <testcase name="[1.1:20] Create booking with 2 valid IATA-like codes" classname="examples/bookings/booking_positive" time="0.153">
    <system-out><![CDATA[14:00:25.859 [main] INFO  com.intuit.karate - karate.env system property was: local 
14:00:25.869 [main] DEBUG com.intuit.karate - request:
1 > POST https://refactored-broccoli-g44rjw7g5ggpcw7wx-8900.app.github.dev/booking
1 > Content-Type: application/json; charset=UTF-8
1 > Content-Length: 67
1 > Host: refactored-broccoli-g44rjw7g5ggpcw7wx-8900.app.github.dev
1 > Connection: Keep-Alive
1 > User-Agent: Apache-HttpClient/4.5.14 (Java/21.0.6)
1 > Accept-Encoding: gzip,deflate
{"date":"2026-01-29","destination":"LWO","origin":"KRK","userId":1}

14:00:26.002 [main] DEBUG com.intuit.karate - response time in milliseconds: 131
1 < 201
1 < Date: Thu, 29 Jan 2026 13:00:26 GMT
1 < Content-Type: application/json
1 < Transfer-Encoding: chunked
1 < Connection: keep-alive
1 < Cache-Control: no-cache,no-store
1 < Expires: Thu, 01 Jan 1970 00:00:00 GMT
1 < Pragma: no-cache
1 < Set-Cookie: .Tunnels.Relay.WebForwarding.Cookies=CfDJ8NJJuTEdEi5KqensronCVW09XRIivLQ8WjrtoSwBeSkvZRal76CUYP6xX3jF7fSAVBppV1BtacKkl0rQ5ZKKy6WE17XIVRxeIHkk2Nc3T0qRdW0nG8pMsKMS9s3Hgck_Bg_Itcocd28GHTTWtrTxno_g2SHPtLJElB_dKwUqDPlUt8XdHqwuepQpQwhpnqBvUmMC2qO1CSM1brU31xZlc7A8JHRp37K_uaIA8E-ySdlY78pZ_Cu4qNiVp__lkZ0aF7Ecxen7DSad6CVWB-LgCWdYTFqMrVgPugmWy7YpLb1_Y7VhF7r0Ziho67cxQGa14b60zwqT5BJy9RhWslpnmRlpARu0V6chcZaJ0ZlMBbBSTzDAYGjEGqvLp5PT8xMHd8tQGPUDNoyEU0iGiFUbo0Ts9JdRsYltn3GVkqtzzMnRtb42ZySIYs7ei5OOfQPWerTMO6QTJd5_NN6IpVK0qi6b79aqObZrdsU0iwMTjAJ8Z2_XJVwpoj76Wz0HhjOFmvtb5WQttM5ECCNz529cghVulwWVOQs16eIROOjl23s_O_LtcH95SEnIwT4Es_NhcZEZ-aAzIX51eoxudiTi-v2lY42eqB6-s8Uh9TaQNNNHY_JEDUgx4tpyxHYmyXFz8N1ruheR794_CBtLdxvRuGX2ln4vzPxMoHVgoMdPiFIhWYOI0h5JvLWvUADYGisnLI5btIXWKP2ItpvmzNNjBe6p85fsIjUVMnQ6pUsGcITBWngBaF4PCx1AXkS9EnVPq0v33-ybr7WN1v7KdZ7GtMZMyRISg_dOsbdvFcAR5X8SPX7zB_QWlHx5HLYFowLZ4r-Y5TNBpWx6Jkh-HzJ8Eefx_kvAdrZYLQrNgesaiqZy4mM5292s5NAD-4b9yLAmZeQ0DsWrpa3fRKkJ1HexyztMEAMN-iMtbehptNhuFKY4WGuv5nh5BpPtlstfWEzodosJ6NtbVZWcBf0jFraJc7pTIltQxpE95Hp549iRuf8Q-can3kT_VVhS_e29Zm5c_Q; path=/; secure; samesite=none; Partitioned
1 < X-Content-Type-Options: nosniff
1 < RateLimit-Limit: HttpRequestRatePerPort:1500/m
1 < RateLimit-Limit: ClientConnectionsPerPort: max 1000
1 < RateLimit-Remaining: HttpRequestRatePerPort:1498
1 < RateLimit-Remaining: ClientConnectionsPerPort:999
1 < RateLimit-Reset: HttpRequestRatePerPort:34s
1 < X-Report-Abuse: https://msrc.microsoft.com/report/abuse
1 < x-ms-ratelimit-limit: 1500
1 < x-ms-ratelimit-remaining: 1489
1 < x-ms-ratelimit-used: 11
1 < x-ms-ratelimit-reset: 0
1 < X-Powered-By: Express
1 < X-Robots-Tag: noindex, nofollow
1 < Referrer-Policy: same-origin
1 < VsSaaS-Request-Id: b2e97ce1-f8f1-465b-b22c-18204600d8e4
1 < Strict-Transport-Security: max-age=31536000; includeSubDomains
1 < X-Served-By: tunnels-prod-rel-euw-v3-cluster
{"date":"2026-01-29","destination":"LWO","id":6,"origin":"KRK","userId":1}

]]></system-out>
  </testcase>
  <testcase name="[1.2:21] Create booking with 2 valid IATA-like codes" classname="examples/bookings/booking_positive" time="0.225">
    <system-out><![CDATA[14:00:26.011 [main] INFO  com.intuit.karate - karate.env system property was: local 
14:00:26.019 [main] DEBUG com.intuit.karate - request:
1 > POST https://refactored-broccoli-g44rjw7g5ggpcw7wx-8900.app.github.dev/booking
1 > Content-Type: application/json; charset=UTF-8
1 > Content-Length: 67
1 > Host: refactored-broccoli-g44rjw7g5ggpcw7wx-8900.app.github.dev
1 > Connection: Keep-Alive
1 > User-Agent: Apache-HttpClient/4.5.14 (Java/21.0.6)
1 > Accept-Encoding: gzip,deflate
{"date":"2026-01-29","destination":"WAW","origin":"FRA","userId":2}

14:00:26.141 [main] DEBUG com.intuit.karate - response time in milliseconds: 122
1 < 201
1 < Date: Thu, 29 Jan 2026 13:00:26 GMT
1 < Content-Type: application/json
1 < Transfer-Encoding: chunked
1 < Connection: keep-alive
1 < Cache-Control: no-cache,no-store
1 < Expires: Thu, 01 Jan 1970 00:00:00 GMT
1 < Pragma: no-cache
1 < Set-Cookie: .Tunnels.Relay.WebForwarding.Cookies=CfDJ8NJJuTEdEi5KqensronCVW2mbWe2SaShsKb-Y2d_-o6jajKBS_jZgCG573gQNMBBP9jhYpf7PKhwH09nFskyLaOfrGZxeOFnSZLunMkWq-Ch_uRcp-G4QG3nCAmzsnRYifvj1rxnOlvyStrfH06BWvGYECQ-_5M6SUPyaMiN7kesoHrXIOMAzYbA0GYR8rln5KtW5KB7uD8SkDz8p4aIEGsusXqzwzyoGPP8NE0Af78mxIlfPtm6EzZtuGj8tVRaGtljOtIK4qYotgZ0jK3mHL3tm9VpivOy7Nd1Hf_07O_wZXa8dr5xChc5ZDTUKguvWUQV-OVdDSLgT888KuMe2-lt7ZumnqDLagiJ9iHgcyrbEdVpRc-GZkK90m1EOQK3-dhAd7IlneHU4hyo2fah0QHaUZFYzN9uLC-_RYH9ZfumdMxd1NWn0s1OtFQ3E0qT_jcRAiMIkHdimOyOTJyGMzpgfpqMlb5vWohKlEowO777zsc-zDcDokVE55i1sBHGGDuhjfjrYc_-ewEox2INElqlwnJSY1wyRVzj5VC8-wScgXKbVS1OvJRiomct5ZFLn1JlBPlnnNuX0wZi-WeuQfSeZxDN7aaYAbKldXjrK3NY5LOJHUysKzHpQAlnla1p_p2GAXlanHSzCM57Gtr4t_tavZNIHtElxWMMT9leNx5jxz3c2_A-h0dKLiX6GAOrmfik0e2rbHDQS3wDbnFmd1gvRKj92DqKuJEUIUpqQyp_0SLd0wiqZcCQ5wpzk9kY8dqKXaO2rxQQwrNsnr2Px9RBGEoJgWdrou7VLNB1d0HLnxaZpZcFUpZNq0jiM49OjRi9wpIZqy8B_u5ZzY3jisE8H-JBDOB2ZXAf85JPa5KAdpqpMms6sz83F-7_SaCBNXBvLd93yRVPFL4QkIZMjAbNcxoIfPGxXm2kwumR7p3geF9KvScJd2LBZVeowpwgRp23bHKdfb4p-n-Jejr7pNKH2-SxmBAHogxKxSWgnqFaDqeh1NvSU6e1kibldJuYVA; path=/; secure; samesite=none; Partitioned
1 < X-Content-Type-Options: nosniff
1 < RateLimit-Limit: HttpRequestRatePerPort:1500/m
1 < RateLimit-Limit: ClientConnectionsPerPort: max 1000
1 < RateLimit-Remaining: HttpRequestRatePerPort:1494
1 < RateLimit-Remaining: ClientConnectionsPerPort:999
1 < RateLimit-Reset: HttpRequestRatePerPort:5s
1 < X-Report-Abuse: https://msrc.microsoft.com/report/abuse
1 < x-ms-ratelimit-limit: 1500
1 < x-ms-ratelimit-remaining: 1489
1 < x-ms-ratelimit-used: 11
1 < x-ms-ratelimit-reset: 0
1 < X-Powered-By: Express
1 < X-Robots-Tag: noindex, nofollow
1 < Referrer-Policy: same-origin
1 < VsSaaS-Request-Id: 70654ff8-13b3-439b-89f9-e5fd1275fa1b
1 < Strict-Transport-Security: max-age=31536000; includeSubDomains
1 < X-Served-By: tunnels-prod-rel-euw-v3-cluster
{"date":"2026-01-29","destination":"WAW","id":7,"origin":"FRA","userId":2}

---------------------------------------------------------
feature: classpath:examples/bookings/booking_positive.feature
scenarios:  2 | passed:  2 | failed:  0 | time: 0,2722
---------------------------------------------------------

]]></system-out>
  </testcase>
  <testcase name="[1.1:17] Booking endpoint rejects unsupported HTTP methods" classname="examples/bookings/booking_security" time="0.12">
    <system-out><![CDATA[14:00:26.239 [main] INFO  com.intuit.karate - karate.env system property was: local 
14:00:26.244 [main] DEBUG com.intuit.karate - request:
1 > DELETE https://refactored-broccoli-g44rjw7g5ggpcw7wx-8900.app.github.dev/booking
1 > Host: refactored-broccoli-g44rjw7g5ggpcw7wx-8900.app.github.dev
1 > Connection: Keep-Alive
1 > User-Agent: Apache-HttpClient/4.5.14 (Java/21.0.6)
1 > Accept-Encoding: gzip,deflate


14:00:26.355 [main] DEBUG com.intuit.karate - response time in milliseconds: 110
1 < 404
1 < Date: Thu, 29 Jan 2026 13:00:26 GMT
1 < Content-Type: application/json; charset=utf-8
1 < Content-Length: 37
1 < Connection: keep-alive
1 < Cache-Control: no-cache,no-store
1 < ETag: W/"25-GxVmZoPZFjf/26NIsTAx6a4olkM"
1 < Expires: Thu, 01 Jan 1970 00:00:00 GMT
1 < Pragma: no-cache
1 < Set-Cookie: .Tunnels.Relay.WebForwarding.Cookies=CfDJ8NJJuTEdEi5KqensronCVW0ro5M5cNVDIBgaBT16Ueuc2KdXq4ocGHcAXbAUe_jpUbgwPbDvBFQUrQXQRYjV44yVeqbQj8bPW6FX0TrCr56Wte3yfJutXKFXqdiG77_2d3fPWh6WP5XFcF5ZrMsMjo85nWXCBj16T34AoK__IFLjXbFqlmvE0YwpDOg2YUEJJ69F0NttG8A3DYN1l5h1NTMAPnD1rFQ54u5ONp1X_lZ24OppNU1qPsYo24xckNjTyOCtCC-3bF8ZZ8XIL9LrtuPf4S4E8Ecbalwp2cjCpZtUlVZWC2ELtXqeT6KCG4HhF2oLZAp2f259clbUtrN0BFVaC3Gz2JQXaZzNSjuKvo0XedzA1lZVXv_tEeEsv--icBCYE47VhmzYVRaiLPsgpWnyoknHR7NpupI7Bazer5OyibI-LSAtyZSq7HRtF7GyXG-eZnn-a1j_RSGJZKMRQYjh2_uvg0K7bNrAyEOnjQWwciQIJ3ONxQJCoTbL5wMU7wxl6JrRnHe774tfHci2c9Q4v9CXhc0d1hjt_TRYFmxF2z6FH7uihTsNMMWWzjjA84SRwlNAPpvsPJPpbiey1MdGxhZHyrm5trBcywS1OHqTX9CFVdiH4Rp6oM8T9nR6MBQKxGk1XW0M2tl9Zt7jTnOPcc6Yx6iN_3K2qG7cZ7F0gHr-lbkqeTvw6UhsyxnJ94kGMoimUaopKh4xFDCN9IqU6xyDXs1eH0uZmLpKhy0LkQ2vcqUdAIGbTilL73ExkkoUIRSkIW2pd8AXAAmVbv2zFr63mKBH12cHDkfbFMZowya9vRzStacP2sabSYBvSImURvPGmxlTo6zOm7oNNIwVcHdl5CZJAM79bGFE3Gc0h2xJLO0hQ1ysYeVMV_b20nqbQaCo5v0AVKIpikxVV-uhQ_cK_FcdeLmxAoGLrrq3iBw-UDU5g0wLmxEHuGZyREhjkGIP5R6Fo1w_YBQufVUP-QyQz1PVqibHC8uKc5eJoTLkH6zXoT1YJ2ZfGRKV4A; path=/; secure; samesite=none; Partitioned
1 < X-Content-Type-Options: nosniff
1 < RateLimit-Limit: HttpRequestRatePerPort:1500/m
1 < RateLimit-Limit: ClientConnectionsPerPort: max 1000
1 < RateLimit-Remaining: HttpRequestRatePerPort:1498
1 < RateLimit-Remaining: ClientConnectionsPerPort:999
1 < RateLimit-Reset: HttpRequestRatePerPort:53s
1 < X-Report-Abuse: https://msrc.microsoft.com/report/abuse
1 < x-ms-ratelimit-limit: 1500
1 < x-ms-ratelimit-remaining: 1489
1 < x-ms-ratelimit-used: 11
1 < x-ms-ratelimit-reset: 0
1 < X-Powered-By: Express
1 < X-Robots-Tag: noindex, nofollow
1 < Referrer-Policy: same-origin
1 < VsSaaS-Request-Id: b1454f02-fdde-4a05-bef3-9283c3e95f98
1 < Strict-Transport-Security: max-age=31536000; includeSubDomains
1 < X-Served-By: tunnels-prod-rel-euw-v3-cluster
{"errors":null,"message":"Not Found"}

]]></system-out>
  </testcase>
  <testcase name="[1.2:18] Booking endpoint rejects unsupported HTTP methods" classname="examples/bookings/booking_security" time="0.132">
    <system-out><![CDATA[14:00:26.361 [main] INFO  com.intuit.karate - karate.env system property was: local 
14:00:26.365 [main] DEBUG com.intuit.karate - request:
1 > PUT https://refactored-broccoli-g44rjw7g5ggpcw7wx-8900.app.github.dev/booking
1 > Host: refactored-broccoli-g44rjw7g5ggpcw7wx-8900.app.github.dev
1 > Connection: Keep-Alive
1 > User-Agent: Apache-HttpClient/4.5.14 (Java/21.0.6)
1 > Accept-Encoding: gzip,deflate


14:00:26.488 [main] DEBUG com.intuit.karate - response time in milliseconds: 122
1 < 404
1 < Date: Thu, 29 Jan 2026 13:00:26 GMT
1 < Content-Type: application/json; charset=utf-8
1 < Content-Length: 37
1 < Connection: keep-alive
1 < Cache-Control: no-cache,no-store
1 < ETag: W/"25-GxVmZoPZFjf/26NIsTAx6a4olkM"
1 < Expires: Thu, 01 Jan 1970 00:00:00 GMT
1 < Pragma: no-cache
1 < Set-Cookie: .Tunnels.Relay.WebForwarding.Cookies=CfDJ8NJJuTEdEi5KqensronCVW0FArKyA83ng0YBIGu72zgsaOoDrM0zj3tsThdFWN2kGnzQEUfQx-FlcosgXo-K09lOmaRZR6LOrX67oo2V1KcVVfcODNFa_SqvvFN-mu-kkYt4ciLFhRnOw_gRSF0xkTlB4C90eKb5j_-_V2Rl0dY8-2Typb_z5B-rjl4iAA0ERVbccour23XSeioCVbCCu4FLoTOllC9wDCh9Sq5sw_ouEwnSNN0TMHI4TvyY92eHwznBwsLZziQRDAYvdTglBkZDKDjMZy50mMkr4pA1i94NkKfTcIampnPsw8aLYDQNkszlB1YIiyqDo6-8AEEKImXmHURJ4mqF2tzqhWj3q2K9ZNW7P4fFUty3vPrkwYOeoS81ae2CECoOizwNnK88Su20D2R0xixF7uAvgP6Z0tt6cPsGSFQPH1gUuxATslnnPi87oueOWr1Ivez4hI8FiBXqEV3jeugn82xorU_LrGZj5YsrZfp7I3_roTUFuDZ-KrprjTVrPE15z9M6FXK6px4IDIjYa7IknbPsCTRxmV_TCT-1qdk1o13kfyk2h3WLrW5UyfjtsXrrW8PuBNOe2CbBerC0hnhhvUPaDR6q7kLhweT1HovVwZb_Kdv7Up8_BS_hV5N_qzn-AFWQte3XNNecXcUq-NlatuDTBpjdY4GcVQ9ZaLUg35QgLvFDP9RyXK_c93RHM8bxP7GLFB8w-DgWxeX0nBYMb1A_06GkwJMYxNExZkJWfGkL43Rk0DuQ6HUhp56TUqGVb6Tq7EGxXethND7FBTmi_R929km-0EVOxVKhpqtWOFDBi_aIdzNeMTPBHM5utw7AkPc-OmPIwDuDNMM6cMnmSBz2zwAfqh4ieH67AAAHb1AhNg-jGg1z-xhT7IQXh2wmiznDB8OxgG3tNtX30ccAB9kJxNlwIfM3hX1aAOHUEloaJToHClhcKfPZR3rKO5QoPfO4IV808SvJGgQkrHe0GtK2zhIDbKFBv4YdtqywRLSuVBzGwrRDaQ; path=/; secure; samesite=none; Partitioned
1 < X-Content-Type-Options: nosniff
1 < RateLimit-Limit: HttpRequestRatePerPort:1500/m
1 < RateLimit-Limit: ClientConnectionsPerPort: max 1000
1 < RateLimit-Remaining: HttpRequestRatePerPort:1498
1 < RateLimit-Remaining: ClientConnectionsPerPort:999
1 < RateLimit-Reset: HttpRequestRatePerPort:45s
1 < X-Report-Abuse: https://msrc.microsoft.com/report/abuse
1 < x-ms-ratelimit-limit: 1500
1 < x-ms-ratelimit-remaining: 1489
1 < x-ms-ratelimit-used: 11
1 < x-ms-ratelimit-reset: 0
1 < X-Powered-By: Express
1 < X-Robots-Tag: noindex, nofollow
1 < Referrer-Policy: same-origin
1 < VsSaaS-Request-Id: 9e67b534-8ce2-415f-8695-9ae32197ad5e
1 < Strict-Transport-Security: max-age=31536000; includeSubDomains
1 < X-Served-By: tunnels-prod-rel-euw-v3-cluster
{"errors":null,"message":"Not Found"}

]]></system-out>
  </testcase>
  <testcase name="[1.3:19] Booking endpoint rejects unsupported HTTP methods" classname="examples/bookings/booking_security" time="0.135">
    <system-out><![CDATA[14:00:26.496 [main] INFO  com.intuit.karate - karate.env system property was: local 
14:00:26.501 [main] DEBUG com.intuit.karate - request:
1 > PATCH https://refactored-broccoli-g44rjw7g5ggpcw7wx-8900.app.github.dev/booking
1 > Host: refactored-broccoli-g44rjw7g5ggpcw7wx-8900.app.github.dev
1 > Connection: Keep-Alive
1 > User-Agent: Apache-HttpClient/4.5.14 (Java/21.0.6)
1 > Accept-Encoding: gzip,deflate


14:00:26.625 [main] DEBUG com.intuit.karate - response time in milliseconds: 124
1 < 404
1 < Date: Thu, 29 Jan 2026 13:00:27 GMT
1 < Content-Type: application/json; charset=utf-8
1 < Content-Length: 37
1 < Connection: keep-alive
1 < Cache-Control: no-cache,no-store
1 < ETag: W/"25-GxVmZoPZFjf/26NIsTAx6a4olkM"
1 < Expires: Thu, 01 Jan 1970 00:00:00 GMT
1 < Pragma: no-cache
1 < Set-Cookie: .Tunnels.Relay.WebForwarding.Cookies=CfDJ8NJJuTEdEi5KqensronCVW2Ch0FM3LkPWJizAyufk7w8nQX-QBi6ALz7KTh49oK9EklPgDDfeddp3msx9ATJfI2F_YFvDJ_a_xjbSv9nIDlDNOb_RGx2onGaC-6GYR2oKjVgWMy-8kbuIm4qM-3PGFq7UvVcTZ8B2eGPTVmBSthhEIZdW2QUBQYemRuf7huyvQh7J1UYpI6bVIwGb3Zls_y8FuVqzqRFmXbQD7SjzNAAy132BvyEB5aN_KevzzrD_u3AnS_Oj32uW2HCmloxJJn25nWpMRT84KOhwqsSxvxh9RcvY8s3F65v5r2y90s-mhEZmFBHL4G2GurW6NJT53U9C5OAiaahG4WrSsxAdtTxp1TJOlkmCXjNwvFIlMgUkKkpl3wFMn35GW0UrJyO1HhW-h34W-Gw6bItlXTeQeV2IjzQEi5hsTmqtbPVSsOE1DeYo9Z9C9Vwatw73Iv_egK2RZflqctmcja4S56xmh3IEnErCEf-OQvfwYMvp03QJ2iBaP-kyaHJ78Rv2P1Sxq2lwHvRKMwZlKy6IxDb9jGX5G-wBMlYWkkq-6wybgkEsFG7-8NYSegkJX2uakE7OZniQu1HKIOeFYZlxboBIBDVMt_HHYUmyPMauT3FmO_cqlbD1wNmYJF_YFZDBIv9Jj5vt3TM3GYUNAWK2Rw29X9Qzl_g0iI2vLXtlWcKwITlrGChKwxuEAgWF74iINIpOpO4ArXHMlU4ExSauOdUdbRjd6HtBn6O-cvxekVAPM_o8jemD-NuDwAGPq-P9fqIqH778uqnpiRp_U2PyAzwdptI222dIT_OZbAtC8QIivGV184sY8hj1kHPv1_fC5tKMR7mObafCondSq56bWAwgjQ4bX3-Uo-0vezEsQwgj7kizvT_blMFOGLoy3sxmqj9rNR2CH4Lx1OkZfjmKDFEGchLlZYDhGbLGX-X8_YYGB7NCq1MwLfLl1f53fHgkANNTyEdv3vSYQ74RZXgMK43ywQMGaDiD8OhJHZlj63N-2w7qQ; path=/; secure; samesite=none; Partitioned
1 < X-Content-Type-Options: nosniff
1 < RateLimit-Limit: HttpRequestRatePerPort:1500/m
1 < RateLimit-Limit: ClientConnectionsPerPort: max 1000
1 < RateLimit-Remaining: HttpRequestRatePerPort:1498
1 < RateLimit-Remaining: ClientConnectionsPerPort:999
1 < RateLimit-Reset: HttpRequestRatePerPort:40s
1 < X-Report-Abuse: https://msrc.microsoft.com/report/abuse
1 < x-ms-ratelimit-limit: 1500
1 < x-ms-ratelimit-remaining: 1489
1 < x-ms-ratelimit-used: 11
1 < x-ms-ratelimit-reset: 0
1 < X-Powered-By: Express
1 < X-Robots-Tag: noindex, nofollow
1 < Referrer-Policy: same-origin
1 < VsSaaS-Request-Id: 559f995f-77b8-433e-aef8-e3ae1afa0709
1 < Strict-Transport-Security: max-age=31536000; includeSubDomains
1 < X-Served-By: tunnels-prod-rel-euw-v3-cluster
{"errors":null,"message":"Not Found"}

]]></system-out>
  </testcase>
  <testcase name="[2:22] Create booking with invalid Content-Type" classname="examples/bookings/booking_security" time="0.135">
    <system-out><![CDATA[14:00:26.631 [main] INFO  com.intuit.karate - karate.env system property was: local 
14:00:26.638 [main] DEBUG com.intuit.karate - request:
1 > POST https://refactored-broccoli-g44rjw7g5ggpcw7wx-8900.app.github.dev/booking
1 > Content-Type: text/plain; charset=UTF-8
1 > Content-Length: 8
1 > Host: refactored-broccoli-g44rjw7g5ggpcw7wx-8900.app.github.dev
1 > Connection: Keep-Alive
1 > User-Agent: Apache-HttpClient/4.5.14 (Java/21.0.6)
1 > Accept-Encoding: gzip,deflate
not json

14:00:26.762 [main] DEBUG com.intuit.karate - response time in milliseconds: 124
1 < 400
1 < Date: Thu, 29 Jan 2026 13:00:27 GMT
1 < Content-Type: application/json; charset=utf-8
1 < Content-Length: 75
1 < Connection: keep-alive
1 < Cache-Control: no-cache,no-store
1 < ETag: W/"4b-wV6flT8ZqZrcKVwcgFGOjU61Dbk"
1 < Expires: Thu, 01 Jan 1970 00:00:00 GMT
1 < Pragma: no-cache
1 < Set-Cookie: .Tunnels.Relay.WebForwarding.Cookies=CfDJ8NJJuTEdEi5KqensronCVW3bBaHFUMAHDEYpQOEEbxt_amse2lz_XyOkqzSRGQr-glMObKRmNT-eqeIrJoM3PPoA-MMFfgn9Fj-___7Oj7KCXn7bPz5CgZFTCSkRCI6PHgBJ-zXIlK02yvYizAw75yUk9DZCUhT1HFg1ewKI58lbiCvoiFxIN3MM9kuL3Ecqz4-pBTyVjS5V3cf1DdV16iA8-5v5xFSVp4X00-6Jo3Vc11neh0G8vG_6AMsI6GExCZKORwb_9S6HMiqVmp9b2KbbFsM9TOA3IyoUQF0ElG87O0IyUNLyVGgR5q2tBB8XN3OgrRSxCvrIalVpVlwzYMqkm2HKjZd87ilW9EBHtfSuXZSqSF6tSLTdTiEkhst0x_ZahAny5953IkqeVrOcsCz-_ETE4ata5cXv2Eyl7qV8dSY73aI9PzT6S2FUVuf2xhnGrWPdRptIvCcVCxgfkA3RCgH0kBoGL1PCNPjdxK2h6iCUHv33-9SAXuWsEdBzWkESxsUOVO_bRn1rwPTu--PQmFPuBpOx9fIFyzChV4IB6RdL527tR3O_zNgjdzsCUdDoGr58zG7F5YlvCmcnPpqcS3kCn1u_YZ3vOyw8PMOeR01aynwvday5hilNpOTU7ntxjpo-RjLvOwd4-Wu5Q7yLe1-07TSv30k7dNRb4RlUJ_lHviZHe8yZ1Ub6G-_yl--39a_cyaOD0r_cx8w3K1TSE06n9jExaJBsjxvn21gSHcHQDqqqe3GY5q5qOu9ogN_Fuwmk7t5mnWIIRGqYaR8CjSTipZCB-GpU3dtC4mi9ou2Vrs5AYqLprnhEphFC_2KMs4GkfFMd25a0HEkexHUJ0gaA72S4Ea-3xoMBz1mbQFtIh1tADwyJIoX7U5-_mJAzfdy1uEV1A-QaWZT3c6NfgCpXVAStFSWfJdqU5JdC6wZLrNILvF_KK2Pr0KQLluQ6Wv1wELJyDmUQzDnnHZKvuFTfxYZVNJZ4-nXtAHSFR499KDTj4yk5Sn_9neY9pQ; path=/; secure; samesite=none; Partitioned
1 < X-Content-Type-Options: nosniff
1 < RateLimit-Limit: HttpRequestRatePerPort:1500/m
1 < RateLimit-Limit: ClientConnectionsPerPort: max 1000
1 < RateLimit-Remaining: HttpRequestRatePerPort:1498
1 < RateLimit-Remaining: ClientConnectionsPerPort:999
1 < RateLimit-Reset: HttpRequestRatePerPort:40s
1 < X-Report-Abuse: https://msrc.microsoft.com/report/abuse
1 < x-ms-ratelimit-limit: 1500
1 < x-ms-ratelimit-remaining: 1489
1 < x-ms-ratelimit-used: 11
1 < x-ms-ratelimit-reset: 0
1 < X-Powered-By: Express
1 < X-Robots-Tag: noindex, nofollow
1 < Referrer-Policy: same-origin
1 < VsSaaS-Request-Id: 07d90d9d-48fb-47a0-84d5-27f0f34b8f36
1 < Strict-Transport-Security: max-age=31536000; includeSubDomains
1 < X-Served-By: tunnels-prod-rel-euw-v3-cluster
{"errors":null,"message":"Invalid content-type: text/plain; charset=UTF-8"}

]]></system-out>
  </testcase>
  <testcase name="[3:30] Security headers validation for booking detail endpoint by Id" classname="examples/bookings/booking_security" time="0.166">
    <system-out><![CDATA[14:00:26.770 [main] INFO  com.intuit.karate - karate.env system property was: local 
14:00:26.776 [main] DEBUG com.intuit.karate - request:
1 > GET https://refactored-broccoli-g44rjw7g5ggpcw7wx-8900.app.github.dev/booking/1
1 > Host: refactored-broccoli-g44rjw7g5ggpcw7wx-8900.app.github.dev
1 > Connection: Keep-Alive
1 > User-Agent: Apache-HttpClient/4.5.14 (Java/21.0.6)
1 > Accept-Encoding: gzip,deflate


14:00:26.913 [main] DEBUG com.intuit.karate - response time in milliseconds: 137
1 < 200
1 < Date: Thu, 29 Jan 2026 13:00:27 GMT
1 < Content-Type: application/json
1 < Transfer-Encoding: chunked
1 < Connection: keep-alive
1 < Cache-Control: no-cache,no-store
1 < Expires: Thu, 01 Jan 1970 00:00:00 GMT
1 < Pragma: no-cache
1 < Set-Cookie: .Tunnels.Relay.WebForwarding.Cookies=CfDJ8NJJuTEdEi5KqensronCVW0LlPsbBVwaQiTaV5YMkKHuU3i93apZuUBRC7kBCeCL40bSkKcM2eKTHy9jF_by9VCmUK1Q4KOyr5UbPp3-pmCq--xV0CMvJu0emLMNTaJkSefowZekES07kAGj1n1Zq6oYdsImOpZQN7pM3NgtMwubzlB6zPz0BBIUKdUrUXcUpJEZlqNq12PsqGSgerFU0VydZ4vLlQuLbfQuqfyQO0LoVJ_AiJD1PM3teZJM4G3sWPgxmlo0Uqp4O-uD4dCyMhT2HDOAkeIyd2Nu7BHmEPLC9LQlJn_zE7AnimjEwsycDL4i9Hv6bBNDLDjpLlV7FrElRe9Nhs9a7Q3_Zb4TrtwB2yGsV3qoBlbQxbN0msYB2jrCcbMLikGtoScK7UoUYrZTAbHZ6rDJA4ukJWFbykHTzusbSmkuYJcRy5G-U0Kf5V8HoLH49qJj9Z4_Rpz_JvW8YF6LKdtaoCZsnbnxB18riCyYSTvXIUlVnm4u8DlIu7HCp4zMxSX25asTomsrqD9mwWJNn2LoCgrAj-WDrY1YP50WUQvnkxkpJ2xtZFgCTf08FMs2Ym05xy5KuqrKkP_TT2KImHhq_QxZ_jKkgUbPoCl_cUowB7M7g089XAG0TX0JBGhpSuryVZ3WA362vJYtTEeHXDpCvlXgTFfDsU4S-QINkZLigoRs6uzNxjea4iHrM5yx4mDJaxwRc-V11n4__fUnVDBN1OMl6l-hJTithvOknxa5A_Zujaf4iZakAqxnAxYrcLhwJQESlnhTgPe8pU83Y1M0SSm67Ur8BOYslAPS65y-dsNDIihiy0fEn_rUMnxfYRKErWh8K2jVxbeq9xzobDO7sbETz1o3_PCkC7PhPINgjqQpvSlveCrzHG63pXTsqbBddJfgFQyz7y3sbYzOAci7nH6mfXJgbEjgs81LzM3CVo0R53fRIncerNzcvxfnmok6V1hLfLiCrEab1s1DU5MQp6izINoydLCUgeg39-ygUKB8ktMOGS1fzA; path=/; secure; samesite=none; Partitioned
1 < X-Content-Type-Options: nosniff
1 < RateLimit-Limit: HttpRequestRatePerPort:1500/m
1 < RateLimit-Limit: ClientConnectionsPerPort: max 1000
1 < RateLimit-Remaining: HttpRequestRatePerPort:1498
1 < RateLimit-Remaining: ClientConnectionsPerPort:999
1 < RateLimit-Reset: HttpRequestRatePerPort:46s
1 < X-Report-Abuse: https://msrc.microsoft.com/report/abuse
1 < x-ms-ratelimit-limit: 1500
1 < x-ms-ratelimit-remaining: 1488
1 < x-ms-ratelimit-used: 12
1 < x-ms-ratelimit-reset: 0
1 < X-Powered-By: Express
1 < X-Robots-Tag: noindex, nofollow
1 < Referrer-Policy: same-origin
1 < VsSaaS-Request-Id: 1e1aefd0-ae4a-4001-b201-eb45f30d947f
1 < Strict-Transport-Security: max-age=31536000; includeSubDomains
1 < X-Served-By: tunnels-prod-rel-euw-v3-cluster
{"date":"2022-02-01","destination":"MAD","id":1,"origin":"WRO","userId":1}

]]></system-out>
  </testcase>
  <testcase name="[4:42] Reject unknown fields in create booking" classname="examples/bookings/booking_security" time="0.245">
    <system-out><![CDATA[14:00:26.938 [main] INFO  com.intuit.karate - karate.env system property was: local 
14:00:26.943 [main] DEBUG com.intuit.karate - request:
1 > POST https://refactored-broccoli-g44rjw7g5ggpcw7wx-8900.app.github.dev/booking
1 > Content-Type: application/json; charset=UTF-8
1 > Content-Length: 82
1 > Host: refactored-broccoli-g44rjw7g5ggpcw7wx-8900.app.github.dev
1 > Connection: Keep-Alive
1 > User-Agent: Apache-HttpClient/4.5.14 (Java/21.0.6)
1 > Accept-Encoding: gzip,deflate
{"date":"2026-01-26","destination":"LWO","origin":"KRK","name":"Max","userId":"1"}

14:00:27.046 [main] DEBUG com.intuit.karate - response time in milliseconds: 102
1 < 400
1 < Date: Thu, 29 Jan 2026 13:00:27 GMT
1 < Content-Type: application/json; charset=utf-8
1 < Content-Length: 209
1 < Connection: keep-alive
1 < Cache-Control: no-cache,no-store
1 < ETag: W/"d1-yK53nN/b8WpzCLcCAmyA5RxBdIg"
1 < Expires: Thu, 01 Jan 1970 00:00:00 GMT
1 < Pragma: no-cache
1 < Set-Cookie: .Tunnels.Relay.WebForwarding.Cookies=CfDJ8NJJuTEdEi5KqensronCVW1zUzqjcnzUMnqX90R-HttMt0EvtS9fLv_bvDOE0rOgOvR4E4Q4hqVjb0itADzyKgO50pZ2pfrWVqJvbRr8pBfGxHhEWILTVVAy7s3DcQ-HRFhVVjhTMxf3iMMqJqxa_HT2uHxhRZmuwpYvwSpL-ppshGmb4ukqmdxCLMxFjL_uJcCZY1vyGxz8N22GbftBscRdSdjwvYbrNCr4QDLoBeuduo62IhwsIfJdJHgdIONN0TtuCx_AJBB8VIvbLvbhpjYW5TVh-SWSjDySO1mp8KMtQ7Z5G-dSqSc0lYLdKG7epWoYkdUjsyGpVfg7VRxe4gc5WC5ryEDIXRhVseE4VGADWnE6CVjqo11mV2KlZ7lBi5F93QqTOCzx8ZbaEx4_7n8cik9jUiuscOfAQwWjsIM7PMbCTRH6unaAuLEjgOoQzpD4VTkwTTYczg7IeQR8uVNAUdKYRvCx1f-BPbNJ-PvKzGZuhTBeRTaTRPZfimI23nfZetOcV9DngpRgW9rnLmspjUyrtdwsKXLeY3k7ZMvegA8BcZWxgF65LC0gqFcYqzNQ-V-38JSbhwKIO4difr83Sg0ACMWYo_fp132EWzaGM5CC2H6QuXny20slWOYPeZNKd1KUzefiwMmBzwofuhKvnpi8_VLNN2wT75kAW2JuYcxcVFtBomqdvr91Q7SXEVs17GJscQyIi-gJUlCdri5RnWGvyDlV0rvQ9RvT_6TiiPtsH0F077RuVKvk-y1ZF47neRVVaMAZrUMa4yi9uEbpgYyyUM_7CrcYQsVP4mq7jsZvOG1WKsk6K2Teq-WX50GaUo8I0B1yyvWQ50hKlNyY2mH3TCjL-YwQDsZM3ISYDEUBf7GcNSwYy_0NBv-6XXfEvYy7b1ymZkhah9k6wS0cBGRAHIlJgOtOB89HgYpJIQkdpGeIkytny84rKPJBh6qVRnKroceHo-buTpTfJhx8FIpKlYPs2YeiCCpph_ZWSubmfpmrvQfrupya4BKpLQ; path=/; secure; samesite=none; Partitioned
1 < X-Content-Type-Options: nosniff
1 < RateLimit-Limit: HttpRequestRatePerPort:1500/m
1 < RateLimit-Limit: ClientConnectionsPerPort: max 1000
1 < RateLimit-Remaining: HttpRequestRatePerPort:1494
1 < RateLimit-Remaining: ClientConnectionsPerPort:999
1 < RateLimit-Reset: HttpRequestRatePerPort:1s
1 < X-Report-Abuse: https://msrc.microsoft.com/report/abuse
1 < x-ms-ratelimit-limit: 1500
1 < x-ms-ratelimit-remaining: 1489
1 < x-ms-ratelimit-used: 11
1 < x-ms-ratelimit-reset: 0
1 < X-Powered-By: Express
1 < X-Robots-Tag: noindex, nofollow
1 < Referrer-Policy: same-origin
1 < VsSaaS-Request-Id: f22f8aef-2042-426d-a570-a8c9329b5dd3
1 < Strict-Transport-Security: max-age=31536000; includeSubDomains
1 < X-Served-By: tunnels-prod-rel-euw-v3-cluster
{"errors":[{"location":{"in":"request","name":"body","docPath":"/paths/~1booking/post/requestBody/content/application~1json/schema","path":"/userId"},"message":"must be number"}],"message":"Validation errors"}

---------------------------------------------------------
feature: classpath:examples/bookings/booking_security.feature
scenarios:  6 | passed:  6 | failed:  0 | time: 0,7721
---------------------------------------------------------

]]></system-out>
  </testcase>
  <testcase name="[1:11] Create new booking with valid data (date, destination, origin, userId)" classname="examples/bookings/booking_smoke" time="0.148">
    <system-out><![CDATA[14:00:27.187 [main] INFO  com.intuit.karate - karate.env system property was: local 
14:00:27.195 [main] DEBUG com.intuit.karate - request:
1 > POST https://refactored-broccoli-g44rjw7g5ggpcw7wx-8900.app.github.dev/booking
1 > Content-Type: application/json; charset=UTF-8
1 > Content-Length: 67
1 > Host: refactored-broccoli-g44rjw7g5ggpcw7wx-8900.app.github.dev
1 > Connection: Keep-Alive
1 > User-Agent: Apache-HttpClient/4.5.14 (Java/21.0.6)
1 > Accept-Encoding: gzip,deflate
{"date":"2026-01-29","destination":"USA","origin":"KRK","userId":1}

14:00:27.329 [main] DEBUG com.intuit.karate - response time in milliseconds: 132
1 < 201
1 < Date: Thu, 29 Jan 2026 13:00:27 GMT
1 < Content-Type: application/json
1 < Transfer-Encoding: chunked
1 < Connection: keep-alive
1 < Cache-Control: no-cache,no-store
1 < Expires: Thu, 01 Jan 1970 00:00:00 GMT
1 < Pragma: no-cache
1 < Set-Cookie: .Tunnels.Relay.WebForwarding.Cookies=CfDJ8NJJuTEdEi5KqensronCVW3t4E8WYAH40FEVZ3bIcbwVHNVT8jMbwZbIVe8px0WKLhpLXOi9zBzt5IsH8MRGodbNhFh92iBNwUaj9mVRrOAP3UElKlLsJmlvqPdOdIQpnSqZYUE3pooGyuTRqVg72YIFFpAh7hKXni5C4nAtszeTYa8bj8KapbCRlmXczPx730B0MzebDinZU8AHmwvXq4IPmGMWZDvuVYMNf_LffGgTKubznVucG_b97HOLMtvoaLUwxM5Y0JuVPeAUadN3_7gVVr_UCFgQb_XI-KusVNJ9zvjOg1Mlz7grqH4EY7Y4yLrgTQLvY-5snCX_1rS63oOz8ZwyppEr6g2_7lYF9wqJMYE3cq7HSbF-I_g0mUFsFrgXEGNIS8gmfBq-UhVFav5yeZODOPg25ayoJqwDg4ajemRsXnqfElbHFpMGnfie9-JK_BjdUIDCzOWt0bpXqgVgDPaRhkGC7KIZ0s7TRvKs87ZHKKXQi7_hpCpxGxNjxcc59tI-KNJ5ud9sVEMuxJeOJuvpmcdEcMVRD6OBdi8DIAb3dHwTMeGCZshX5p7HCpst8AjZ_nWWcOGfO2jgSdzcjuzfUhXhYFN1NJCimzdxxx0VOx_E2teT1WiNuTZBu674zBf-Q_zB7TK5LXhqd8ABU8sPCyY7o5YmjxOIOcZjMsY01snQTqu3em_O8c24tJH_O_GpG3tFRr4oI_Bh-3zwqPNcRKDF3A5T_Ah7kN6zlpHKkzFJw_v0UQgxKWMdmHrvoC1bz4Zbm6PBUV0zPHOSw6XEPiYfAVXe08qw13i0E8kGA6cQiJKEt3vFarCq0AWM1IWUM5OLtjgCXSwjd7x8oz7sETuwe6dbHSv37NiOe-601E3miukTRx5L5RYN-ALJhsCkqnJ3w3bfTyCKT74IEwMhqVM8QNd4D3T0XqsOmtH4D4xZ4XA01ViJrlrS8xzj_Bxw_2kspK-nGKcBVnmwrYes4PY-PX2YoWxpTnaP6QJcNRWNyOkHnyloAW2-2A; path=/; secure; samesite=none; Partitioned
1 < X-Content-Type-Options: nosniff
1 < RateLimit-Limit: HttpRequestRatePerPort:1500/m
1 < RateLimit-Limit: ClientConnectionsPerPort: max 1000
1 < RateLimit-Remaining: HttpRequestRatePerPort:1497
1 < RateLimit-Remaining: ClientConnectionsPerPort:999
1 < RateLimit-Reset: HttpRequestRatePerPort:50s
1 < X-Report-Abuse: https://msrc.microsoft.com/report/abuse
1 < x-ms-ratelimit-limit: 1500
1 < x-ms-ratelimit-remaining: 1489
1 < x-ms-ratelimit-used: 11
1 < x-ms-ratelimit-reset: 0
1 < X-Powered-By: Express
1 < X-Robots-Tag: noindex, nofollow
1 < Referrer-Policy: same-origin
1 < VsSaaS-Request-Id: 3a29d3ea-6470-462e-8811-34f849c604a7
1 < Strict-Transport-Security: max-age=31536000; includeSubDomains
1 < X-Served-By: tunnels-prod-rel-euw-v3-cluster
{"date":"2026-01-29","destination":"USA","id":8,"origin":"KRK","userId":1}

]]></system-out>
  </testcase>
  <testcase name="[2:20] Get the list of all bookings by userId and date" classname="examples/bookings/booking_smoke" time="0.153">
    <system-out><![CDATA[14:00:27.338 [main] INFO  com.intuit.karate - karate.env system property was: local 
14:00:27.345 [main] DEBUG com.intuit.karate - request:
1 > GET https://refactored-broccoli-g44rjw7g5ggpcw7wx-8900.app.github.dev/booking?userId=1&date=2026-01-26
1 > Host: refactored-broccoli-g44rjw7g5ggpcw7wx-8900.app.github.dev
1 > Connection: Keep-Alive
1 > User-Agent: Apache-HttpClient/4.5.14 (Java/21.0.6)
1 > Accept-Encoding: gzip,deflate


14:00:27.483 [main] DEBUG com.intuit.karate - response time in milliseconds: 137
1 < 200
1 < Date: Thu, 29 Jan 2026 13:00:27 GMT
1 < Content-Type: application/json
1 < Transfer-Encoding: chunked
1 < Connection: keep-alive
1 < Cache-Control: no-cache,no-store
1 < Expires: Thu, 01 Jan 1970 00:00:00 GMT
1 < Pragma: no-cache
1 < Set-Cookie: .Tunnels.Relay.WebForwarding.Cookies=CfDJ8NJJuTEdEi5KqensronCVW0ZE5kJXTybQLZKDQTP9jeQA1oaHw4LWq0Fy3h96qOEn8em8p8ksc_f74qI4Uw2g7y3zaiL2YYkRxXHaVp7-z5-6gtjZ4tGoQ94fbXoJljl2QSCNt6V-FGR58_QhsVYBTGvY1xwlCDD74VA1kezJ-WiCowm0OTQUgkRzhSvnZXv75FMqBcL-sGh1o3fAWkzonKbPqNUNzi1QG8Rn9YlkhjjCJFbOFNGYFztanozvZlcmLqg7wLmb8tGq-PUolup5irRUI_cq4Jzt1NI0AC48qF5n9hJz3OE3X5uDyYPPPKpB_cmVDMX8e-_Sfxowfsr_Jtk83FEXYVfQUQz1TxxHctLjJLJAFAF8xXADQlWXc7EaACAGv_CysuykUErkwbg3GISbQytduyV8jfnWGwz8h_kA0ENaWcbaVZLkIgfBASu15eKhsuUFSR-gJtuj5J4YLDVnYJIkfepo2c3yU8VMldz29mhO_VPO7aV8luVJIn2TEGwt37mR0IY0NJhag5d0Cq32V7twmPFIsHeYXLpvDI-kDkmm7oJ4nKqY23zIg6jX662zU31AOCZdqJINNE3Np1Ct6M1-Qr0nQBYgkUNanux4W6VcXTemtPBx7jt7fFevTMBKQtjHt01tsILwT44P223pZ-Rtt7-gWeKTIySoZnqDf_lQ7-D2AI8FxsZ9_NZBTtirn34yn0kPmQGRohppcHnuBL30u04oirmeHlyArEEojN5c5uv6asZbEF3e3gTQlQnkkOrAXeMelSqlp3FDD11cXAXa_cveTRVn66Gwg1RpKda0LQGxgqZXmFJgJJZcOrzF1eAkZU1jupiCI2y7hGgeU1k65TS6f1x18bJth_mtWEydP_Di5Vk1Mu7nWkXXyi9ny6AM-2sSUvyH2wQuT-rct7xn_0fzlK0DqYg_FM5buKl5GjfrL7_8ySqVPMu10ONdOITinCpLYf_eTsehG5ZcqRee4QMLUW-CIvKv9GhFKaiMUwbC10jqF6CJ6d6qg; path=/; secure; samesite=none; Partitioned
1 < X-Content-Type-Options: nosniff
1 < RateLimit-Limit: HttpRequestRatePerPort:1500/m
1 < RateLimit-Limit: ClientConnectionsPerPort: max 1000
1 < RateLimit-Remaining: HttpRequestRatePerPort:1497
1 < RateLimit-Remaining: ClientConnectionsPerPort:999
1 < RateLimit-Reset: HttpRequestRatePerPort:54s
1 < X-Report-Abuse: https://msrc.microsoft.com/report/abuse
1 < x-ms-ratelimit-limit: 1500
1 < x-ms-ratelimit-remaining: 1489
1 < x-ms-ratelimit-used: 11
1 < x-ms-ratelimit-reset: 0
1 < X-Powered-By: Express
1 < X-Robots-Tag: noindex, nofollow
1 < Referrer-Policy: same-origin
1 < VsSaaS-Request-Id: 32d981a0-931e-4645-b5a2-0f1972675597
1 < Strict-Transport-Security: max-age=31536000; includeSubDomains
1 < X-Served-By: tunnels-prod-rel-euw-v3-cluster
[]

]]></system-out>
  </testcase>
  <testcase name="[3:31] Get booking details by booking id" classname="examples/bookings/booking_smoke" time="0.344">
    <system-out><![CDATA[14:00:27.494 [main] INFO  com.intuit.karate - karate.env system property was: local 
14:00:27.500 [main] DEBUG com.intuit.karate - request:
1 > GET https://refactored-broccoli-g44rjw7g5ggpcw7wx-8900.app.github.dev/booking/1
1 > Host: refactored-broccoli-g44rjw7g5ggpcw7wx-8900.app.github.dev
1 > Connection: Keep-Alive
1 > User-Agent: Apache-HttpClient/4.5.14 (Java/21.0.6)
1 > Accept-Encoding: gzip,deflate


14:00:27.645 [main] DEBUG com.intuit.karate - response time in milliseconds: 145
1 < 200
1 < Date: Thu, 29 Jan 2026 13:00:28 GMT
1 < Content-Type: application/json
1 < Transfer-Encoding: chunked
1 < Connection: keep-alive
1 < Cache-Control: no-cache,no-store
1 < Expires: Thu, 01 Jan 1970 00:00:00 GMT
1 < Pragma: no-cache
1 < Set-Cookie: .Tunnels.Relay.WebForwarding.Cookies=CfDJ8NJJuTEdEi5KqensronCVW1LaSD0AU9rvcrQntnUdLc7cewvcerjJ6L_7lAYMqXS8M1ICi5AuGcRu66_rrnSqoNNuWnkKwKxhWM8Bi0nf9rlYLcK66Teh6fpW_n_zGunO_65Em0dw9iHR15lJRPF5ZzrKubdBMcxIayrPfThbctJg9J9LdQt8sfDnNvBztiFiZb9igLkBg4MIcile6-eHCs2ZZXhe87sQLkpIP0fEutYkitzjvbMcRugUNQXzl8X6CBWj0l81HHClhW0t5rifGpjpNBFIlo741u3PVdu8lI8SLre4S4WHPziwNryqBQkfV8D361lYwmepbhDWhsQMipY59Jf40JKS01BlOTZuG8iMnBz6DWXjCu79AK86fmVZEDpasZ111CWVvi2T-XmrXiQtkXTIkGyCJQ6ny-axiWMyRLp2i9iATWnmM68LrJMn_Q_lsTbKyBm_ACJgy1jkLMSEzWMnUaBuiroIj45S5vxKvWfgneZ4Wjjcwx0AZSqo7qYrQFOgTqqOWtQ6zxs9ec-GxJwALKjvcJJCUbKDqPdtBv81Vpwzw5b6tkdORD9tCqQR-Wuf8AFOaTEwTS1oBcQanUjtIeXxc50qblEL-0V-wDKvQ26Ie7dAjgiS4gu0fAx0s98E_jr1-fG9d1oPyooTFpQu2Map-A3kf5A0T5BiaMCVLKx08Q_U6T7RPS3VJoXNQ688P2rAji36XfGRPhdJjZ52sgCtFn2bFEyG3oxkR6OOe_ollMcwxn-kdug4VzDadUol78Z3FLnLErRoK1nlXzyPJ6ZkfTiqOV53XvpXZrUQmZkURr0yUIVG3_pjc6EaE7JIKuiFCuIaL6_uVbfws9KM0E60vAcwnk6C65fTH6QQEj99akG9peddLbJhdk0hWyN8AxVWVNTJ3d6gUySiocrZvZQbi6593H-wVhrp4gatMKHIBSatU_uVepdkqxCm94fw4-QUmYa82X0rv3INxJ7EESeDDf41t7-QAq59eodcRAWI-4jqOHIiyrsTQ; path=/; secure; samesite=none; Partitioned
1 < X-Content-Type-Options: nosniff
1 < RateLimit-Limit: HttpRequestRatePerPort:1500/m
1 < RateLimit-Limit: ClientConnectionsPerPort: max 1000
1 < RateLimit-Remaining: HttpRequestRatePerPort:1498
1 < RateLimit-Remaining: ClientConnectionsPerPort:999
1 < RateLimit-Reset: HttpRequestRatePerPort:53s
1 < X-Report-Abuse: https://msrc.microsoft.com/report/abuse
1 < x-ms-ratelimit-limit: 1500
1 < x-ms-ratelimit-remaining: 1489
1 < x-ms-ratelimit-used: 11
1 < x-ms-ratelimit-reset: 0
1 < X-Powered-By: Express
1 < X-Robots-Tag: noindex, nofollow
1 < Referrer-Policy: same-origin
1 < VsSaaS-Request-Id: cb034b99-486d-4c28-a304-0c1428da60cc
1 < Strict-Transport-Security: max-age=31536000; includeSubDomains
1 < X-Served-By: tunnels-prod-rel-euw-v3-cluster
{"date":"2022-02-01","destination":"MAD","id":1,"origin":"WRO","userId":1}

---------------------------------------------------------
feature: classpath:examples/bookings/booking_smoke.feature
scenarios:  3 | passed:  3 | failed:  0 | time: 0,4410
---------------------------------------------------------

Karate version: 1.5.0 | env: local
======================================================
elapsed:   7,82 | threads:    1 | thread time: 4,45 
features:     4 | skipped:    0 | efficiency: 0,57
scenarios:   26 | passed:    26 | failed: 0
======================================================

HTML report: (paste into browser to view) | Karate version: 1.5.0 | env: local
file:///C:/Users/ademchyk/Desktop/Projects/api-challenge-karate/target/karate-reports/karate-summary.html
===================================================================

]]></system-out>
  </testcase>
</testsuite>